\BOOKMARK [1][-]{section.1}{\376\377\000I\000n\000t\000r\000o\000d\000u\000c\000t\000i\000o\000n}{}% 1
\BOOKMARK [1][-]{section.2}{\376\377\000P\000r\000e\000l\000i\000m\000i\000n\000a\000r\000i\000e\000s}{}% 2
\BOOKMARK [1][-]{section.3}{\376\377\000G\000r\000o\000u\000p\000-\000T\000h\000e\000o\000r\000e\000t\000i\000c\000\040\000R\000e\000s\000u\000l\000t\000s}{}% 3
\BOOKMARK [2][-]{subsection.3.1}{\376\377\000T\000h\000e\000\040\000B\000e\000r\000g\000g\000r\000e\000n\000\040\000g\000r\000o\000u\000p\000\040\000m\000o\000d\000u\000l\000o\000\040\000a\000\040\000p\000r\000i\000m\000e}{section.3}% 4
\BOOKMARK [2][-]{subsection.3.2}{\376\377\000T\000r\000e\000e\000\040\000w\000a\000l\000k\000\040\000c\000y\000c\000l\000e\000s\000\040\000a\000n\000d\000\040\000t\000h\000e\000\040\000b\000i\000j\000e\000c\000t\000i\000o\000n\000\040\000b\000a\000r\000r\000i\000e\000r}{section.3}% 5
\BOOKMARK [2][-]{subsection.3.3}{\376\377\000S\0003\000\040\000s\000y\000m\000m\000e\000t\000r\000y}{section.3}% 6
\BOOKMARK [2][-]{subsection.3.4}{\376\377\000T\000h\000e\000\040\000u\000n\000i\000p\000o\000t\000e\000n\000t\000\040\000c\000o\000m\000m\000u\000t\000a\000t\000o\000r\000\040\000t\000h\000e\000o\000r\000e\000m}{section.3}% 7
\BOOKMARK [2][-]{subsection.3.5}{\376\377\000U\000n\000i\000p\000o\000t\000e\000n\000t\000\040\000F\000e\000r\000m\000a\000t\000\040\000a\000n\000a\000l\000o\000g\000\040\000a\000n\000d\000\040\000g\000e\000n\000e\000r\000a\000t\000o\000r\000\040\000o\000r\000d\000e\000r\000s}{section.3}% 8
\BOOKMARK [2][-]{subsection.3.6}{\376\377\000T\000r\000a\000n\000s\000i\000t\000i\000v\000i\000t\000y\000\040\000d\000e\000f\000e\000c\000t\000\040\000a\000t\000\040\000p\000\040\000s\000q\000u\000a\000r\000e\000d}{section.3}% 9
\BOOKMARK [1][-]{section.4}{\376\377\000A\000n\000a\000l\000y\000t\000i\000c\000\040\000P\000r\000o\000p\000e\000r\000t\000i\000e\000s}{}% 10
\BOOKMARK [2][-]{subsection.4.1}{\376\377\000T\000h\000e\000\040\000t\000r\000e\000e\000\040\000z\000e\000t\000a\000\040\000f\000u\000n\000c\000t\000i\000o\000n}{section.4}% 11
\BOOKMARK [2][-]{subsection.4.2}{\376\377\000P\000r\000i\000m\000e\000\040\000h\000y\000p\000o\000t\000e\000n\000u\000s\000e\000\040\000c\000h\000a\000r\000a\000c\000t\000e\000r\000i\000z\000a\000t\000i\000o\000n}{section.4}% 12
\BOOKMARK [2][-]{subsection.4.3}{\376\377\000A\000n\000g\000u\000l\000a\000r\000\040\000s\000p\000e\000c\000t\000r\000u\000m}{section.4}% 13
\BOOKMARK [2][-]{subsection.4.4}{\376\377\000C\000o\000n\000t\000i\000n\000u\000e\000d\000\040\000f\000r\000a\000c\000t\000i\000o\000n\000\040\000f\000o\000r\000m\000u\000l\000a\000s\000\040\000f\000o\000r\000\040\000p\000u\000r\000e\000\040\000b\000r\000a\000n\000c\000h\000e\000s}{section.4}% 14
\BOOKMARK [2][-]{subsection.4.5}{\376\377\000Q\000u\000a\000d\000r\000a\000t\000i\000c\000\040\000i\000r\000r\000a\000t\000i\000o\000n\000a\000l\000\040\000c\000o\000n\000v\000e\000r\000g\000e\000n\000c\000e}{section.4}% 15
\BOOKMARK [2][-]{subsection.4.6}{\376\377\000P\000r\000i\000m\000e\000\040\000h\000y\000p\000o\000t\000e\000n\000u\000s\000e\000\040\000e\000n\000r\000i\000c\000h\000m\000e\000n\000t}{section.4}% 16
\BOOKMARK [2][-]{subsection.4.7}{\376\377\000R\000i\000e\000m\000a\000n\000n\000\040\000H\000y\000p\000o\000t\000h\000e\000s\000i\000s\000\040\000a\000n\000d\000\040\000f\000a\000c\000t\000o\000r\000i\000n\000g}{section.4}% 17
\BOOKMARK [1][-]{section.5}{\376\377\000C\000o\000n\000n\000e\000c\000t\000i\000o\000n\000s\000\040\000t\000o\000\040\000I\000n\000t\000e\000g\000e\000r\000\040\000F\000a\000c\000t\000o\000r\000i\000n\000g}{}% 18
\BOOKMARK [2][-]{subsection.5.1}{\376\377\000C\000F\000R\000A\000C\040\023\000t\000r\000e\000e\000\040\000e\000q\000u\000i\000v\000a\000l\000e\000n\000c\000e}{section.5}% 19
\BOOKMARK [2][-]{subsection.5.2}{\376\377\000D\000i\000s\000c\000r\000i\000m\000i\000n\000a\000n\000t\000\040\000i\000d\000e\000n\000t\000i\000t\000y}{section.5}% 20
\BOOKMARK [2][-]{subsection.5.3}{\376\377\000C\000r\000o\000s\000s\000-\000p\000o\000l\000y\000n\000o\000m\000i\000a\000l\000\040\000l\000a\000r\000g\000e\000-\000p\000r\000i\000m\000e\000\040\000r\000e\000s\000o\000n\000a\000n\000c\000e}{section.5}% 21
\BOOKMARK [2][-]{subsection.5.4}{\376\377\000S\000m\000o\000o\000t\000h\000n\000e\000s\000s\000\040\000a\000d\000v\000a\000n\000t\000a\000g\000e\000\040\000o\000f\000\040\000f\000a\000c\000t\000o\000r\000e\000d\000-\000f\000o\000r\000m\000\040\000v\000a\000l\000u\000e\000s}{section.5}% 22
\BOOKMARK [2][-]{subsection.5.5}{\376\377\000C\000o\000m\000p\000u\000t\000a\000t\000i\000o\000n\000a\000l\000\040\000r\000e\000s\000u\000l\000t\000s\000:\000\040\000B\0003\000-\000M\000P\000Q\000S}{section.5}% 23
\BOOKMARK [2][-]{subsection.5.6}{\376\377\000D\000i\000c\000k\000m\000a\000n\000\040\000b\000a\000r\000r\000i\000e\000r\000:\000\040\000p\000r\000o\000v\000e\000n\000\040\000f\000u\000n\000d\000a\000m\000e\000n\000t\000a\000l}{section.5}% 24
\BOOKMARK [2][-]{subsection.5.7}{\376\377\000D\000u\000a\000l\000-\000c\000h\000a\000n\000n\000e\000l\000\040\000f\000a\000c\000t\000o\000r\000i\000n\000g\000:\000\040\000n\000e\000g\000a\000t\000i\000v\000e\000\040\000r\000e\000s\000u\000l\000t}{section.5}% 25
\BOOKMARK [1][-]{section.6}{\376\377\000C\000o\000n\000n\000e\000c\000t\000i\000o\000n\000s\000\040\000t\000o\000\040\000E\000l\000l\000i\000p\000t\000i\000c\000\040\000C\000u\000r\000v\000e\000s}{}% 26
\BOOKMARK [2][-]{subsection.6.1}{\376\377\000F\000a\000c\000t\000o\000r\000i\000n\000g\040\023\000B\000S\000D\000\040\000r\000a\000n\000k\000\040\000e\000q\000u\000i\000v\000a\000l\000e\000n\000c\000e}{section.6}% 27
\BOOKMARK [2][-]{subsection.6.2}{\376\377\000B\000S\000D\000\040\000v\000e\000r\000i\000f\000i\000c\000a\000t\000i\000o\000n\000\040\000a\000n\000d\000\040\000t\000h\000e\000\040\000c\000i\000r\000c\000u\000l\000a\000r\000i\000t\000y\000\040\000b\000a\000r\000r\000i\000e\000r}{section.6}% 28
\BOOKMARK [2][-]{subsection.6.3}{\376\377\000C\000F\000\040\000a\000t\000t\000a\000c\000k\000\040\000o\000n\000\040\000E\000C\000D\000L\000P}{section.6}% 29
\BOOKMARK [1][-]{section.7}{\376\377\000T\000h\000e\000\040\000D\000i\000c\000k\000m\000a\000n\000\040\000I\000n\000f\000o\000r\000m\000a\000t\000i\000o\000n\000\040\000B\000a\000r\000r\000i\000e\000r}{}% 30
\BOOKMARK [2][-]{subsection.7.1}{\376\377\000E\000m\000p\000i\000r\000i\000c\000a\000l\000\040\000o\000b\000s\000e\000r\000v\000a\000t\000i\000o\000n}{section.7}% 31
\BOOKMARK [2][-]{subsection.7.2}{\376\377\000C\000o\000n\000d\000i\000t\000i\000o\000n\000a\000l\000\040\000l\000o\000w\000e\000r\000\040\000b\000o\000u\000n\000d}{section.7}% 32
\BOOKMARK [2][-]{subsection.7.3}{\376\377\000S\000I\000Q\000S\000\040\000c\000o\000m\000p\000l\000e\000x\000i\000t\000y\000\040\000f\000i\000t}{section.7}% 33
\BOOKMARK [2][-]{subsection.7.4}{\376\377\000T\000h\000e\000\040\0003\0005\0000\000+\000-\000f\000i\000e\000l\000d\000\040\000s\000u\000r\000v\000e\000y}{section.7}% 34
\BOOKMARK [1][-]{section.8}{\376\377\000C\000o\000m\000p\000u\000t\000a\000t\000i\000o\000n\000a\000l\000\040\000R\000e\000s\000u\000l\000t\000s}{}% 35
\BOOKMARK [2][-]{subsection.8.1}{\376\377\000T\000h\000e\000o\000r\000e\000m\000\040\000s\000u\000m\000m\000a\000r\000y}{section.8}% 36
\BOOKMARK [2][-]{subsection.8.2}{\376\377\000S\000p\000e\000c\000t\000r\000a\000l\000\040\000p\000r\000o\000p\000e\000r\000t\000i\000e\000s}{section.8}% 37
\BOOKMARK [2][-]{subsection.8.3}{\376\377\000E\000C\000D\000L\000P\000\040\000s\000h\000a\000r\000e\000d\000-\000m\000e\000m\000o\000r\000y\000\040\000k\000a\000n\000g\000a\000r\000o\000o}{section.8}% 38
\BOOKMARK [2][-]{subsection.8.4}{\376\377\000G\000N\000F\000S\000\040\000e\000n\000g\000i\000n\000e\000e\000r\000i\000n\000g\000\040\000i\000m\000p\000r\000o\000v\000e\000m\000e\000n\000t\000s}{section.8}% 39
\BOOKMARK [1][-]{section.9}{\376\377\000C\000F\000-\000P\000P\000T\000\040\000B\000i\000j\000e\000c\000t\000i\000o\000n\000\040\000a\000n\000d\000\040\000D\000a\000t\000a\000\040\000E\000n\000c\000o\000d\000i\000n\000g}{}% 40
\BOOKMARK [1][-]{section.10}{\376\377\000R\000i\000e\000m\000a\000n\000n\000\040\000Z\000e\000t\000a\000\040\000M\000a\000c\000h\000i\000n\000e}{}% 41
\BOOKMARK [1][-]{section.11}{\376\377\000N\000o\000v\000e\000l\000\040\000I\000d\000e\000n\000t\000i\000t\000i\000e\000s\000\040\000a\000n\000d\000\040\000N\000u\000m\000b\000e\000r\000-\000T\000h\000e\000o\000r\000e\000t\000i\000c\000\040\000R\000e\000s\000u\000l\000t\000s}{}% 42
\BOOKMARK [1][-]{section.12}{\376\377\000C\000o\000m\000p\000r\000e\000s\000s\000i\000o\000n\000\040\000C\000o\000d\000e\000c\000s}{}% 43
\BOOKMARK [1][-]{section.13}{\376\377\000M\000i\000l\000l\000e\000n\000n\000i\000u\000m\000\040\000P\000r\000i\000z\000e\000\040\000C\000o\000n\000n\000e\000c\000t\000i\000o\000n\000s}{}% 44
\BOOKMARK [1][-]{section.14}{\376\377\000A\000p\000p\000l\000i\000e\000d\000\040\000M\000a\000t\000h\000e\000m\000a\000t\000i\000c\000s}{}% 45
\BOOKMARK [1][-]{section.15}{\376\377\000C\000o\000n\000c\000l\000u\000s\000i\000o\000n\000\040\000a\000n\000d\000\040\000O\000p\000e\000n\000\040\000P\000r\000o\000b\000l\000e\000m\000s}{}% 46
\BOOKMARK [1][-]{section.16}{\376\377\000P\000r\000i\000m\000e\000O\000r\000a\000c\000l\000e\000:\000\040\000P\000r\000o\000d\000u\000c\000t\000i\000o\000n\000\040\000P\000r\000i\000m\000e\000-\000C\000o\000u\000n\000t\000i\000n\000g\000\040\000T\000o\000o\000l}{}% 47
\BOOKMARK [1][-]{section.17}{\376\377\000P\000h\000y\000s\000i\000c\000s\000\040\000C\000o\000n\000n\000e\000c\000t\000i\000o\000n\000s}{}% 48
\BOOKMARK [2][-]{subsection.17.1}{\376\377\000B\000G\000S\000\040\000C\000o\000n\000j\000e\000c\000t\000u\000r\000e\000:\000\040\000P\000P\000T\000=\000C\000l\000a\000s\000s\000i\000c\000a\000l\000,\000\040\000Z\000e\000t\000a\000=\000Q\000u\000a\000n\000t\000u\000m}{section.17}% 49
\BOOKMARK [2][-]{subsection.17.2}{\376\377\000B\000o\000s\000e\000\040\000G\000a\000s\000\040\000P\000a\000r\000t\000i\000t\000i\000o\000n\000\040\000F\000u\000n\000c\000t\000i\000o\000n}{section.17}% 50
\BOOKMARK [2][-]{subsection.17.3}{\376\377\000S\000p\000e\000c\000t\000r\000a\000l\000\040\000F\000o\000r\000m\000\040\000F\000a\000c\000t\000o\000r}{section.17}% 51
\BOOKMARK [1][-]{section.18}{\376\377\000A\000l\000g\000o\000r\000i\000t\000h\000m\000i\000c\000\040\000N\000u\000m\000b\000e\000r\000\040\000T\000h\000e\000o\000r\000y}{}% 52
\BOOKMARK [2][-]{subsection.18.1}{\376\377\000C\000l\000a\000s\000s\000\040\000N\000u\000m\000b\000e\000r\000s}{section.18}% 53
\BOOKMARK [2][-]{subsection.18.2}{\376\377\000P\000P\000T\040\023\000P\000e\000l\000l\000\040\000C\000o\000n\000n\000e\000c\000t\000i\000o\000n\000\040\000a\000n\000d\000\040\000C\000o\000r\000n\000a\000c\000c\000h\000i\000a\000\040\000H\000y\000b\000r\000i\000d}{section.18}% 54
\BOOKMARK [2][-]{subsection.18.3}{\376\377\000C\000o\000m\000p\000l\000e\000t\000e\000\040\000C\000h\000o\000m\000s\000k\000y\000\040\000C\000l\000a\000s\000s\000i\000f\000i\000c\000a\000t\000i\000o\000n}{section.18}% 55
\BOOKMARK [1][-]{section.19}{\376\377\000L\000e\000e\040\023\000Y\000a\000n\000g\000\040\000C\000i\000r\000c\000l\000e\000\040\000T\000h\000e\000o\000r\000e\000m\000\040\000a\000n\000d\000\040\000t\000h\000e\000\040\000P\000P\000T\000\040\000R\000i\000e\000m\000a\000n\000n\000\040\000H\000y\000p\000o\000t\000h\000e\000s\000i\000s}{}% 56
\BOOKMARK [1][-]{section.20}{\376\377\000G\000a\000u\000s\000s\000i\000a\000n\000\040\000T\000o\000r\000u\000s\000\040\000a\000n\000d\000\040\000L\000o\000r\000e\000n\000t\000z\000\040\000S\000t\000r\000u\000c\000t\000u\000r\000e}{}% 57
\BOOKMARK [1][-]{section.21}{\376\377\000S\000O\000S\000\040\000F\000a\000c\000t\000o\000r\000i\000n\000g\000\040\000a\000n\000d\000\040\000H\000o\000m\000o\000m\000o\000r\000p\000h\000i\000c\000\040\000E\000n\000c\000r\000y\000p\000t\000i\000o\000n}{}% 58
\BOOKMARK [1][-]{section.22}{\376\377\000C\000o\000n\000c\000l\000u\000s\000i\000o\000n\000\040\000a\000n\000d\000\040\000O\000p\000e\000n\000\040\000P\000r\000o\000b\000l\000e\000m\000s}{}% 59
