\BOOKMARK [0][-]{chapter*.1}{\376\377\000I\000n\000t\000r\000o\000d\000u\000c\000t\000i\000o\000n\000:\000\040\000T\000h\000e\000\040\000T\000r\000i\000a\000n\000g\000l\000e\000\040\000T\000h\000a\000t\000\040\000S\000w\000a\000l\000l\000o\000w\000e\000d\000\040\000t\000h\000e\000\040\000U\000n\000i\000v\000e\000r\000s\000e}{}% 1
\BOOKMARK [1][-]{section.0.1}{\376\377\0000\000.\0001\000\040\000T\000h\000e\000\040\000P\000u\000z\000z\000l\000e\000\040\000o\000n\000\040\000t\000h\000e\000\040\000B\000a\000t\000h\000r\000o\000o\000m\000\040\000T\000i\000l\000e\000s}{chapter*.1}% 2
\BOOKMARK [2][-]{subsection.0.1.1}{\376\377\0000\000.\0001\000.\0001\000\040\000A\000\040\000F\000o\000u\000r\000-\000T\000h\000o\000u\000s\000a\000n\000d\000-\000Y\000e\000a\000r\000-\000O\000l\000d\000\040\000S\000e\000c\000r\000e\000t}{section.0.1}% 3
\BOOKMARK [2][-]{subsection.0.1.2}{\376\377\0000\000.\0001\000.\0002\000\040\000P\000r\000i\000m\000i\000t\000i\000v\000e\000\040\000v\000s\000.\000\040\000I\000m\000p\000r\000i\000m\000i\000t\000i\000v\000e\000:\000\040\000T\000h\000e\000\040\000G\000e\000n\000e\000a\000l\000o\000g\000y\000\040\000o\000f\000\040\000T\000r\000i\000p\000l\000e\000s}{section.0.1}% 4
\BOOKMARK [2][-]{subsection.0.1.3}{\376\377\0000\000.\0001\000.\0003\000\040\000T\000h\000e\000\040\000Q\000u\000e\000s\000t\000i\000o\000n\000\040\000T\000h\000a\000t\000\040\000D\000r\000i\000v\000e\000s\000\040\000T\000h\000i\000s\000\040\000B\000o\000o\000k}{section.0.1}% 5
\BOOKMARK [0][-]{chapter.1}{\376\377\0001\000\040\000T\000h\000e\000\040\000T\000r\000e\000e\000\040\000T\000h\000a\000t\000\040\000G\000r\000e\000w\000\040\000T\000r\000i\000a\000n\000g\000l\000e\000s}{}% 6
\BOOKMARK [1][-]{section.1.1}{\376\377\0001\000.\0001\000\040\000A\000\040\000P\000u\000z\000z\000l\000e\000\040\000f\000o\000r\000\040\000t\000h\000e\000\040\000P\000h\000a\000r\000a\000o\000h\000s}{chapter.1}% 7
\BOOKMARK [1][-]{section.1.2}{\376\377\0001\000.\0002\000\040\000T\000h\000e\000\040\000S\000h\000a\000p\000e\000\040\000o\000f\000\040\000N\000o\000t\000h\000i\000n\000g}{chapter.1}% 8
\BOOKMARK [1][-]{section.1.3}{\376\377\0001\000.\0003\000\040\000T\000h\000r\000e\000e\000\040\000M\000a\000g\000i\000c\000\040\000M\000i\000r\000r\000o\000r\000s}{chapter.1}% 9
\BOOKMARK [1][-]{section.1.4}{\376\377\0001\000.\0004\000\040\000A\000n\000\040\000I\000n\000f\000i\000n\000i\000t\000e\000\040\000F\000a\000m\000i\000l\000y\000\040\000T\000r\000e\000e}{chapter.1}% 10
\BOOKMARK [1][-]{section.1.5}{\376\377\0001\000.\0005\000\040\000C\000l\000i\000m\000b\000i\000n\000g\000\040\000D\000o\000w\000n\000\040\000t\000h\000e\000\040\000T\000r\000e\000e}{chapter.1}% 11
\BOOKMARK [1][-]{section.1.6}{\376\377\0001\000.\0006\000\040\000C\000r\000a\000c\000k\000i\000n\000g\000\040\000N\000u\000m\000b\000e\000r\000s\000\040\000w\000i\000t\000h\000\040\000T\000r\000i\000a\000n\000g\000l\000e\000s}{chapter.1}% 12
\BOOKMARK [1][-]{section.1.7}{\376\377\0001\000.\0007\000\040\000T\000h\000e\000\040\000F\000a\000s\000t\000\040\000L\000a\000n\000e}{chapter.1}% 13
\BOOKMARK [1][-]{section.1.8}{\376\377\0001\000.\0008\000\040\000E\000u\000c\000l\000i\000d\000'\000s\000\040\000A\000n\000c\000i\000e\000n\000t\000\040\000E\000n\000g\000i\000n\000e}{chapter.1}% 14
\BOOKMARK [1][-]{section.1.9}{\376\377\0001\000.\0009\000\040\000S\000p\000a\000c\000e\000t\000i\000m\000e\000\040\000S\000y\000m\000m\000e\000t\000r\000y\000\040\000i\000n\000\040\000W\000h\000o\000l\000e\000\040\000N\000u\000m\000b\000e\000r\000s}{chapter.1}% 15
\BOOKMARK [1][-]{section.1.10}{\376\377\0001\000.\0001\0000\000\040\000T\000h\000e\000\040\000F\000i\000v\000e\000\040\000W\000o\000n\000d\000e\000r\000s}{chapter.1}% 16
\BOOKMARK [2][-]{subsection.1.10.1}{\376\377\0001\000.\0001\0000\000.\0001\000\040\000P\000u\000z\000z\000l\000e\000s\000\040\000f\000o\000r\000\040\000t\000h\000e\000\040\000R\000e\000a\000d\000e\000r}{section.1.10}% 17
\BOOKMARK [0][-]{chapter.2}{\376\377\0002\000\040\000T\000h\000e\000\040\000T\000r\000e\000e\000\040\000T\000h\000a\000t\000\040\000G\000r\000e\000w\000\040\000I\000n\000t\000o\000\040\000a\000\040\000L\000a\000t\000t\000i\000c\000e}{}% 18
\BOOKMARK [1][-]{section.2.1}{\376\377\0002\000.\0001\000\040\000T\000h\000e\000\040\000P\000u\000z\000z\000l\000e\000\040\000o\000f\000\040\000t\000h\000e\000\040\000P\000e\000r\000f\000e\000c\000t\000\040\000T\000r\000i\000a\000n\000g\000l\000e\000\040\000F\000a\000c\000t\000o\000r\000y}{chapter.2}% 19
\BOOKMARK [1][-]{section.2.2}{\376\377\0002\000.\0002\000\040\000W\000h\000y\000\040\000t\000h\000e\000\040\000M\000a\000c\000h\000i\000n\000e\000s\000\040\000N\000e\000v\000e\000r\000\040\000J\000a\000m}{chapter.2}% 20
\BOOKMARK [1][-]{section.2.3}{\376\377\0002\000.\0003\000\040\000E\000u\000c\000l\000i\000d\000'\000s\000\040\000O\000l\000d\000e\000s\000t\000\040\000A\000l\000g\000o\000r\000i\000t\000h\000m\000\040\000G\000e\000t\000s\000\040\000a\000\040\000M\000a\000k\000e\000o\000v\000e\000r}{chapter.2}% 21
\BOOKMARK [1][-]{section.2.4}{\376\377\0002\000.\0004\000\040\000T\000h\000e\000\040\000A\000s\000t\000o\000n\000i\000s\000h\000i\000n\000g\000\040\000C\000o\000i\000n\000c\000i\000d\000e\000n\000c\000e}{chapter.2}% 22
\BOOKMARK [1][-]{section.2.5}{\376\377\0002\000.\0005\000\040\000T\000h\000e\000\040\000S\000p\000e\000e\000d\000\040\000o\000f\000\040\000D\000e\000s\000c\000e\000n\000t}{chapter.2}% 23
\BOOKMARK [1][-]{section.2.6}{\376\377\0002\000.\0006\000\040\000G\000a\000u\000s\000s\000\040\000a\000n\000d\000\040\000t\000h\000e\000\040\000S\000h\000o\000r\000t\000e\000s\000t\000\040\000V\000e\000c\000t\000o\000r}{chapter.2}% 24
\BOOKMARK [1][-]{section.2.7}{\376\377\0002\000.\0007\000\040\000T\000h\000e\000\040\000W\000a\000l\000l\000\040\000a\000t\000\040\000T\000w\000o\000\040\000D\000i\000m\000e\000n\000s\000i\000o\000n\000s}{chapter.2}% 25
\BOOKMARK [1][-]{section.2.8}{\376\377\0002\000.\0008\000\040\000T\000h\000r\000o\000u\000g\000h\000\040\000t\000h\000e\000\040\000L\000o\000o\000k\000i\000n\000g\000\040\000G\000l\000a\000s\000s\000:\000\040\000H\000i\000g\000h\000e\000r\000\040\000D\000i\000m\000e\000n\000s\000i\000o\000n\000s}{chapter.2}% 26
\BOOKMARK [1][-]{section.2.9}{\376\377\0002\000.\0009\000\040\000T\000h\000e\000\040\000Q\000u\000a\000d\000r\000u\000p\000l\000e\000\040\000L\000a\000t\000t\000i\000c\000e}{chapter.2}% 27
\BOOKMARK [1][-]{section.2.10}{\376\377\0002\000.\0001\0000\000\040\000T\000h\000e\000\040\000M\000a\000p\000\040\000o\000f\000\040\000t\000h\000e\000\040\000J\000o\000u\000r\000n\000e\000y}{chapter.2}% 28
\BOOKMARK [2][-]{subsection.2.10.1}{\376\377\0002\000.\0001\0000\000.\0001\000\040\000P\000u\000z\000z\000l\000e\000s\000\040\000f\000o\000r\000\040\000t\000h\000e\000\040\000R\000e\000a\000d\000e\000r}{section.2.10}% 29
\BOOKMARK [0][-]{chapter.3}{\376\377\0003\000\040\000H\000y\000p\000e\000r\000b\000o\000l\000i\000c\000\040\000S\000h\000o\000r\000t\000c\000u\000t\000s\000:\000\040\000H\000o\000w\000\040\000P\000y\000t\000h\000a\000g\000o\000r\000a\000s\000\040\000L\000e\000a\000r\000n\000e\000d\000\040\000t\000o\000\040\000F\000a\000c\000t\000o\000r}{}% 30
\BOOKMARK [1][-]{section.3.1}{\376\377\0003\000.\0001\000\040\000T\000h\000e\000\040\000P\000u\000z\000z\000l\000e\000\040\000o\000f\000\040\000t\000h\000e\000\040\000B\000r\000o\000k\000e\000n\000\040\000S\000q\000u\000a\000r\000e}{chapter.3}% 31
\BOOKMARK [1][-]{section.3.2}{\376\377\0003\000.\0002\000\040\000A\000\040\000T\000r\000e\000e\000\040\000T\000h\000a\000t\000\040\000G\000r\000o\000w\000s\000\040\000A\000l\000l\000\040\000R\000i\000g\000h\000t\000\040\000T\000r\000i\000a\000n\000g\000l\000e\000s}{chapter.3}% 32
\BOOKMARK [1][-]{section.3.3}{\376\377\0003\000.\0003\000\040\000T\000h\000e\000\040\000L\000i\000g\000h\000t\000-\000C\000o\000n\000e\000\040\000i\000n\000\040\000t\000h\000e\000\040\000L\000i\000v\000i\000n\000g\000\040\000R\000o\000o\000m}{chapter.3}% 33
\BOOKMARK [1][-]{section.3.4}{\376\377\0003\000.\0004\000\040\000T\000h\000e\000\040\000I\000n\000v\000a\000r\000i\000a\000n\000t\000\040\000T\000h\000a\000t\000\040\000R\000e\000f\000u\000s\000e\000s\000\040\000t\000o\000\040\000C\000h\000a\000n\000g\000e}{chapter.3}% 34
\BOOKMARK [1][-]{section.3.5}{\376\377\0003\000.\0005\000\040\000P\000a\000t\000h\000s\000,\000\040\000A\000d\000d\000r\000e\000s\000s\000e\000s\000,\000\040\000a\000n\000d\000\040\000t\000h\000e\000\040\000A\000r\000t\000\040\000o\000f\000\040\000N\000a\000v\000i\000g\000a\000t\000i\000o\000n}{chapter.3}% 35
\BOOKMARK [1][-]{section.3.6}{\376\377\0003\000.\0006\000\040\000H\000y\000p\000e\000r\000b\000o\000l\000i\000c\000\040\000S\000h\000o\000r\000t\000c\000u\000t\000s\000,\000\040\000o\000r\000:\000\040\000H\000o\000w\000\040\000t\000o\000\040\000S\000k\000i\000p\000\040\000a\000\040\000B\000i\000l\000l\000i\000o\000n\000\040\000G\000e\000n\000e\000r\000a\000t\000i\000o\000n\000s}{chapter.3}% 36
\BOOKMARK [1][-]{section.3.7}{\376\377\0003\000.\0007\000\040\000T\000h\000e\000\040\000E\000l\000e\000v\000a\000t\000o\000r\000\040\000G\000o\000i\000n\000g\000\040\000U\000p\000:\000\040\000I\000n\000v\000e\000r\000s\000e\000\040\000M\000a\000t\000r\000i\000c\000e\000s\000\040\000a\000n\000d\000\040\000T\000r\000e\000e\000\040\000A\000s\000c\000e\000n\000t}{chapter.3}% 37
\BOOKMARK [1][-]{section.3.8}{\376\377\0003\000.\0008\000\040\000W\000h\000y\000\040\000t\000h\000e\000\040\000H\000y\000p\000o\000t\000e\000n\000u\000s\000e\000\040\000A\000l\000w\000a\000y\000s\000\040\000G\000r\000o\000w\000s\000\040\000\050\000a\000n\000d\000\040\000H\000o\000w\000\040\000F\000a\000s\000t\000\051}{chapter.3}% 38
\BOOKMARK [1][-]{section.3.9}{\376\377\0003\000.\0009\000\040\000C\000h\000e\000b\000y\000s\000h\000e\000v\000'\000s\000\040\000S\000e\000c\000r\000e\000t\000\040\000R\000e\000c\000u\000r\000r\000e\000n\000c\000e}{chapter.3}% 39
\BOOKMARK [1][-]{section.3.10}{\376\377\0003\000.\0001\0000\000\040\000N\000o\000\040\000T\000w\000o\000\040\000B\000r\000a\000n\000c\000h\000e\000s\000\040\000B\000e\000a\000r\000\040\000t\000h\000e\000\040\000S\000a\000m\000e\000\040\000F\000r\000u\000i\000t}{chapter.3}% 40
\BOOKMARK [1][-]{section.3.11}{\376\377\0003\000.\0001\0001\000\040\000C\000r\000a\000c\000k\000i\000n\000g\000\040\000N\000u\000m\000b\000e\000r\000s\000\040\000o\000n\000\040\000t\000h\000e\000\040\000L\000i\000g\000h\000t\000\040\000C\000o\000n\000e}{chapter.3}% 41
\BOOKMARK [1][-]{section.3.12}{\376\377\0003\000.\0001\0002\000\040\000E\000p\000i\000l\000o\000g\000u\000e\000:\000\040\000T\000h\000r\000o\000u\000g\000h\000\040\000t\000h\000e\000\040\000W\000o\000r\000m\000h\000o\000l\000e}{chapter.3}% 42
\BOOKMARK [2][-]{subsection.3.12.1}{\376\377\0003\000.\0001\0002\000.\0001\000\040\000P\000u\000z\000z\000l\000e\000s\000\040\000f\000o\000r\000\040\000t\000h\000e\000\040\000R\000e\000a\000d\000e\000r}{section.3.12}% 43
\BOOKMARK [0][-]{chapter.4}{\376\377\0004\000\040\000T\000h\000r\000e\000e\000\040\000R\000o\000a\000d\000s\000\040\000f\000r\000o\000m\000\040\000P\000y\000t\000h\000a\000g\000o\000r\000a\000s}{}% 44
\BOOKMARK [1][-]{section.4.1}{\376\377\0004\000.\0001\000\040\000T\000h\000e\000\040\000P\000u\000z\000z\000l\000e\000\040\000o\000f\000\040\000t\000h\000e\000\040\000T\000w\000o\000\040\000S\000q\000u\000a\000r\000e\000s}{chapter.4}% 45
\BOOKMARK [1][-]{section.4.2}{\376\377\0004\000.\0002\000\040\000A\000\040\000F\000a\000c\000t\000o\000r\000y\000\040\000f\000o\000r\000\040\000P\000y\000t\000h\000a\000g\000o\000r\000e\000a\000n\000\040\000T\000r\000i\000p\000l\000e\000s}{chapter.4}% 46
\BOOKMARK [1][-]{section.4.3}{\376\377\0004\000.\0003\000\040\000E\000u\000l\000e\000r\000'\000s\000\040\000J\000e\000w\000e\000l\000\040\040\024\000\040\000C\000r\000a\000c\000k\000i\000n\000g\000\040\000N\000u\000m\000b\000e\000r\000s\000\040\000w\000i\000t\000h\000\040\000T\000w\000o\000\040\000P\000o\000r\000t\000r\000a\000i\000t\000s}{chapter.4}% 47
\BOOKMARK [1][-]{section.4.4}{\376\377\0004\000.\0004\000\040\000T\000h\000e\000\040\000L\000o\000r\000e\000n\000t\000z\000\040\000F\000o\000r\000m\000\040\040\024\000\040\000W\000h\000e\000n\000\040\000P\000y\000t\000h\000a\000g\000o\000r\000a\000s\000\040\000M\000e\000e\000t\000s\000\040\000E\000i\000n\000s\000t\000e\000i\000n}{chapter.4}% 48
\BOOKMARK [1][-]{section.4.5}{\376\377\0004\000.\0005\000\040\000T\000h\000e\000\040\000B\000e\000r\000g\000g\000r\000e\000n\000\040\000T\000r\000e\000e\000\040\040\024\000\040\000A\000n\000\040\000I\000n\000f\000i\000n\000i\000t\000e\000\040\000F\000a\000m\000i\000l\000y\000\040\000A\000l\000b\000u\000m}{chapter.4}% 49
\BOOKMARK [1][-]{section.4.6}{\376\377\0004\000.\0006\000\040\000T\000h\000e\000\040\000T\000r\000e\000e\000\040\000S\000i\000e\000v\000e\000\040\040\024\000\040\000S\000h\000a\000k\000i\000n\000g\000\040\000t\000h\000e\000\040\000F\000a\000m\000i\000l\000y\000\040\000T\000r\000e\000e\000\040\000f\000o\000r\000\040\000F\000a\000c\000t\000o\000r\000s}{chapter.4}% 50
\BOOKMARK [1][-]{section.4.7}{\376\377\0004\000.\0007\000\040\000S\000e\000m\000i\000p\000r\000i\000m\000e\000\040\000S\000e\000c\000r\000e\000t\000s\000\040\040\024\000\040\000W\000h\000y\000\040\000N\000\040\000=\000\040\000p\000\040\000q\000\040\000I\000s\000\040\000S\000p\000e\000c\000i\000a\000l}{chapter.4}% 51
\BOOKMARK [1][-]{section.4.8}{\376\377\0004\000.\0008\000\040\000T\000h\000e\000\040\000E\000x\000p\000o\000n\000e\000n\000t\000i\000a\000l\000\040\000C\000l\000i\000m\000b\000\040\040\024\000\040\000H\000o\000w\000\040\000F\000a\000s\000t\000\040\000t\000h\000e\000\040\000T\000r\000e\000e\000\040\000G\000r\000o\000w\000s}{chapter.4}% 52
\BOOKMARK [1][-]{section.4.9}{\376\377\0004\000.\0009\000\040\000T\000h\000e\000\040\000H\000i\000d\000d\000e\000n\000\040\000A\000r\000i\000t\000h\000m\000e\000t\000i\000c\000\040\000o\000f\000\040\000P\000r\000o\000d\000u\000c\000t\000s}{chapter.4}% 53
\BOOKMARK [1][-]{section.4.10}{\376\377\0004\000.\0001\0000\000\040\000T\000h\000e\000\040\000T\000h\000r\000e\000e\000\040\000R\000o\000a\000d\000s\000\040\000C\000o\000n\000v\000e\000r\000g\000e\000\040\040\024\000\040\000A\000\040\000F\000a\000c\000t\000o\000r\000i\000n\000g\000\040\000T\000o\000o\000l\000k\000i\000t}{chapter.4}% 54
\BOOKMARK [2][-]{subsection.4.10.1}{\376\377\0004\000.\0001\0000\000.\0001\000\040\000P\000u\000z\000z\000l\000e\000s\000\040\000f\000o\000r\000\040\000t\000h\000e\000\040\000R\000e\000a\000d\000e\000r}{section.4.10}% 55
\BOOKMARK [0][-]{chapter.5}{\376\377\0005\000\040\000T\000h\000e\000\040\000T\000r\000e\000e\000\040\000T\000h\000a\000t\000\040\000K\000n\000e\000w\000\040\000I\000t\000\040\000W\000a\000s\000\040\000a\000\040\000S\000p\000a\000c\000e\000t\000i\000m\000e}{}% 56
\BOOKMARK [1][-]{section.5.1}{\376\377\0005\000.\0001\000\040\000T\000h\000e\000\040\000P\000u\000z\000z\000l\000e\000\040\000o\000f\000\040\000t\000h\000e\000\040\000P\000r\000o\000l\000i\000f\000i\000c\000\040\000T\000r\000i\000a\000n\000g\000l\000e}{chapter.5}% 57
\BOOKMARK [1][-]{section.5.2}{\376\377\0005\000.\0002\000\040\000T\000h\000e\000\040\000S\000i\000g\000n\000a\000t\000u\000r\000e\000\040\000T\000h\000a\000t\000\040\000D\000o\000e\000s\000n\000'\000t\000\040\000C\000h\000a\000n\000g\000e}{chapter.5}% 58
\BOOKMARK [1][-]{section.5.3}{\376\377\0005\000.\0003\000\040\000O\000r\000i\000e\000n\000t\000a\000t\000i\000o\000n\000\040\040\024\000\040\000T\000h\000e\000\040\000S\000u\000b\000t\000l\000e\000\040\000A\000r\000t\000\040\000o\000f\000\040\000t\000h\000e\000\040\000D\000e\000t\000e\000r\000m\000i\000n\000a\000n\000t}{chapter.5}% 59
\BOOKMARK [1][-]{section.5.4}{\376\377\0005\000.\0004\000\040\000W\000h\000y\000\040\000E\000v\000e\000r\000y\000\040\000C\000h\000i\000l\000d\000\040\000I\000s\000\040\000P\000y\000t\000h\000a\000g\000o\000r\000e\000a\000n}{chapter.5}% 60
\BOOKMARK [1][-]{section.5.5}{\376\377\0005\000.\0005\000\040\000L\000i\000v\000i\000n\000g\000\040\000o\000n\000\040\000t\000h\000e\000\040\000N\000u\000l\000l\000\040\000C\000o\000n\000e}{chapter.5}% 61
\BOOKMARK [1][-]{section.5.6}{\376\377\0005\000.\0006\000\040\000A\000\040\000F\000a\000c\000t\000o\000r\000i\000n\000g\000\040\000M\000a\000c\000h\000i\000n\000e\000\040\000H\000i\000d\000d\000e\000n\000\040\000i\000n\000\040\000t\000h\000e\000\040\000H\000y\000p\000o\000t\000e\000n\000u\000s\000e}{chapter.5}% 62
\BOOKMARK [1][-]{section.5.7}{\376\377\0005\000.\0007\000\040\000E\000u\000c\000l\000i\000d\000'\000s\000\040\000M\000a\000s\000t\000e\000r\000\040\000F\000o\000r\000m\000u\000l\000a}{chapter.5}% 63
\BOOKMARK [1][-]{section.5.8}{\376\377\0005\000.\0008\000\040\000T\000h\000e\000\040\000S\000t\000a\000i\000r\000c\000a\000s\000e\000\040\040\024\000\040\000D\000e\000s\000c\000e\000n\000t\000\040\000A\000l\000o\000n\000g\000\040\000t\000h\000e\000\040\000A\000-\000B\000r\000a\000n\000c\000h}{chapter.5}% 64
\BOOKMARK [1][-]{section.5.9}{\376\377\0005\000.\0009\000\040\000T\000h\000e\000\040\000P\000e\000l\000l\000\040\000S\000t\000a\000i\000r\000c\000a\000s\000e\000\040\000A\000l\000o\000n\000g\000\040\000t\000h\000e\000\040\000B\000-\000B\000r\000a\000n\000c\000h}{chapter.5}% 65
\BOOKMARK [1][-]{section.5.10}{\376\377\0005\000.\0001\0000\000\040\000T\000h\000e\000\040\000G\000r\000a\000n\000d\000\040\000U\000n\000i\000f\000i\000c\000a\000t\000i\000o\000n\000\040\040\024\000\040\000E\000i\000g\000h\000t\000\040\000T\000h\000e\000o\000r\000e\000m\000s\000\040\000a\000n\000d\000\040\000t\000h\000e\000\040\000V\000i\000e\000w\000\040\000f\000r\000o\000m\000\040\000A\000b\000o\000v\000e}{chapter.5}% 66
\BOOKMARK [0][-]{chapter.6}{\376\377\0006\000\040\000T\000h\000e\000\040\000L\000o\000c\000k\000\040\000w\000i\000t\000h\000\040\000S\000e\000v\000e\000n\000\040\000K\000e\000y\000h\000o\000l\000e\000s}{}% 67
\BOOKMARK [1][-]{section.6.1}{\376\377\0006\000.\0001\000\040\000T\000h\000e\000\040\000L\000o\000c\000k\000s\000m\000i\000t\000h\000'\000s\000\040\000D\000i\000l\000e\000m\000m\000a}{chapter.6}% 68
\BOOKMARK [1][-]{section.6.2}{\376\377\0006\000.\0002\000\040\000A\000\040\000M\000e\000n\000a\000g\000e\000r\000i\000e\000\040\000o\000f\000\040\000P\000y\000t\000h\000a\000g\000o\000r\000e\000a\000n\000\040\000C\000r\000e\000a\000t\000u\000r\000e\000s}{chapter.6}% 69
\BOOKMARK [1][-]{section.6.3}{\376\377\0006\000.\0003\000\040\000T\000h\000e\000\040\000M\000u\000l\000t\000i\000-\000C\000h\000a\000n\000n\000e\000l\000\040\000T\000h\000e\000o\000r\000e\000m\000\040\040\024\000\040\000O\000n\000e\000\040\000E\000q\000u\000a\000t\000i\000o\000n\000,\000\040\000M\000a\000n\000y\000\040\000K\000e\000y\000s}{chapter.6}% 70
\BOOKMARK [1][-]{section.6.4}{\376\377\0006\000.\0004\000\040\000C\000o\000m\000p\000a\000r\000i\000n\000g\000\040\000T\000u\000m\000b\000l\000e\000r\000s\000\040\040\024\000\040\000T\000h\000e\000\040\000P\000a\000i\000r\000w\000i\000s\000e\000\040\000C\000h\000a\000n\000n\000e\000l\000\040\000T\000h\000e\000o\000r\000e\000m}{chapter.6}% 71
\BOOKMARK [1][-]{section.6.5}{\376\377\0006\000.\0005\000\040\000T\000h\000e\000\040\000M\000a\000z\000e\000\040\000R\000u\000n\000\040\000B\000a\000c\000k\000w\000a\000r\000d\000s\000\040\040\024\000\040\000I\000n\000s\000i\000d\000e\000-\000O\000u\000t\000\040\000F\000a\000c\000t\000o\000r\000i\000n\000g}{chapter.6}% 72
\BOOKMARK [1][-]{section.6.6}{\376\377\0006\000.\0006\000\040\000S\000i\000s\000y\000p\000h\000u\000s\000\040\000a\000n\000d\000\040\000t\000h\000e\000\040\000N\000u\000m\000b\000e\000r\000\040\000T\000h\000e\000o\000r\000i\000s\000t\000\040\040\024\000\040\000C\000l\000i\000m\000b\000i\000n\000g\000\040\000a\000n\000d\000\040\000F\000a\000l\000l\000i\000n\000g}{chapter.6}% 73
\BOOKMARK [1][-]{section.6.7}{\376\377\0006\000.\0007\000\040\000T\000h\000e\000\040\000H\000a\000l\000l\000\040\000o\000f\000\040\000M\000i\000r\000r\000o\000r\000s\000\040\040\024\000\040\000T\000h\000e\000\040\000R\000e\000f\000l\000e\000c\000t\000i\000o\000n\000\040\000R\0001\0001\0001\0001\000\040\000a\000n\000d\000\040\000t\000h\000e\000\040\000Q\000u\000a\000d\000r\000u\000p\000l\000e\000\040\000F\000o\000r\000e\000s\000t}{chapter.6}% 74
\BOOKMARK [1][-]{section.6.8}{\376\377\0006\000.\0008\000\040\000T\000h\000e\000\040\000E\000l\000e\000v\000a\000t\000o\000r\000\040\000B\000e\000t\000w\000e\000e\000n\000\040\000F\000l\000o\000o\000r\000s\000\040\040\024\000\040\000L\000i\000f\000t\000i\000n\000g\000,\000\040\000P\000r\000o\000j\000e\000c\000t\000i\000o\000n\000,\000\040\000a\000n\000d\000\040\000C\000h\000a\000i\000n\000\040\000C\000o\000m\000p\000o\000s\000i\000t\000i\000o\000n}{chapter.6}% 75
\BOOKMARK [1][-]{section.6.9}{\376\377\0006\000.\0009\000\040\000T\000h\000e\000\040\000M\000a\000g\000i\000c\000\040\000T\000r\000i\000c\000k\000\040\000T\000h\000a\000t\000'\000s\000\040\0001\000,\0004\0000\0000\000\040\000Y\000e\000a\000r\000s\000\040\000O\000l\000d\000\040\040\024\000\040\000B\000r\000a\000h\000m\000a\000g\000u\000p\000t\000a\000,\000\040\000F\000i\000b\000o\000n\000a\000c\000c\000i\000,\000\040\000a\000n\000d\000\040\000E\000u\000l\000e\000r}{chapter.6}% 76
\BOOKMARK [1][-]{section.6.10}{\376\377\0006\000.\0001\0000\000\040\000W\000h\000e\000r\000e\000\040\000A\000l\000l\000\040\000R\000o\000a\000d\000s\000\040\000M\000e\000e\000t\000\040\040\024\000\040\000T\000h\000e\000\040\000C\000o\000n\000g\000r\000u\000e\000n\000c\000e\000\040\000o\000f\000\040\000S\000q\000u\000a\000r\000e\000s}{chapter.6}% 77
\BOOKMARK [1][-]{section.6.11}{\376\377\0006\000.\0001\0001\000\040\000T\000h\000e\000\040\000O\000c\000t\000o\000p\000u\000s\000'\000s\000\040\000G\000a\000r\000d\000e\000n\000\040\040\024\000\040\000A\000\040\000M\000e\000d\000i\000t\000a\000t\000i\000o\000n\000\040\000o\000n\000\040\000D\000i\000m\000e\000n\000s\000i\000o\000n\000\040\000a\000n\000d\000\040\000D\000i\000f\000f\000i\000c\000u\000l\000t\000y}{chapter.6}% 78
\BOOKMARK [1][-]{section.6.12}{\376\377\0006\000.\0001\0002\000\040\000E\000x\000e\000r\000c\000i\000s\000e\000s}{chapter.6}% 79
\BOOKMARK [0][-]{chapter.7}{\376\377\0007\000\040\000T\000h\000e\000\040\000O\000n\000e\000-\000W\000a\000y\000\040\000C\000o\000r\000r\000i\000d\000o\000r}{}% 80
\BOOKMARK [1][-]{section.7.1}{\376\377\0007\000.\0001\000\040\000T\000h\000e\000\040\000F\000o\000r\000k\000i\000n\000g\000\040\000L\000a\000b\000y\000r\000i\000n\000t\000h}{chapter.7}% 81
\BOOKMARK [1][-]{section.7.2}{\376\377\0007\000.\0002\000\040\000T\000h\000e\000\040\000C\000a\000n\000c\000e\000l\000l\000a\000t\000i\000o\000n\000\040\000T\000r\000i\000c\000k}{chapter.7}% 82
\BOOKMARK [1][-]{section.7.3}{\376\377\0007\000.\0003\000\040\000A\000\040\000P\000a\000r\000a\000b\000l\000e\000\040\000o\000f\000\040\000t\000h\000e\000\040\000C\000i\000r\000c\000u\000l\000a\000r\000\040\000L\000i\000b\000r\000a\000r\000y}{chapter.7}% 83
\BOOKMARK [1][-]{section.7.4}{\376\377\0007\000.\0004\000\040\000S\000e\000a\000r\000c\000h\000i\000n\000g\000\040\000f\000o\000r\000\040\000t\000h\000e\000\040\000M\000a\000g\000i\000c\000\040\000D\000e\000p\000t\000h}{chapter.7}% 84
\BOOKMARK [1][-]{section.7.5}{\376\377\0007\000.\0005\000\040\000B\000a\000l\000a\000n\000c\000e\000d\000\040\000S\000e\000m\000i\000p\000r\000i\000m\000e\000s\000\040\000a\000n\000d\000\040\000t\000h\000e\000\040\000F\000o\000u\000r\000t\000h\000-\000R\000o\000o\000t\000\040\000B\000a\000r\000r\000i\000e\000r}{chapter.7}% 85
\BOOKMARK [1][-]{section.7.6}{\376\377\0007\000.\0006\000\040\000A\000\040\000G\000a\000l\000l\000e\000r\000y\000\040\000o\000f\000\040\000D\000e\000a\000d\000\040\000E\000n\000d\000s}{chapter.7}% 86
\BOOKMARK [1][-]{section.7.7}{\376\377\0007\000.\0007\000\040\000W\000h\000y\000\040\000Q\000u\000a\000n\000t\000u\000m\000\040\000P\000a\000r\000a\000l\000l\000e\000l\000i\000s\000m\000\040\000F\000a\000i\000l\000s\000\040\000a\000t\000\040\000t\000h\000e\000\040\000F\000o\000r\000k}{chapter.7}% 87
\BOOKMARK [1][-]{section.7.8}{\376\377\0007\000.\0008\000\040\000T\000h\000e\000\040\000S\000u\000m\000-\000t\000o\000-\000Z\000e\000r\000o\000\040\000P\000r\000i\000n\000c\000i\000p\000l\000e}{chapter.7}% 88
\BOOKMARK [1][-]{section.7.9}{\376\377\0007\000.\0009\000\040\000T\000h\000e\000\040\000C\000o\000m\000p\000l\000e\000x\000i\000t\000y\000\040\000L\000a\000d\000d\000e\000r}{chapter.7}% 89
\BOOKMARK [1][-]{section.7.10}{\376\377\0007\000.\0001\0000\000\040\000O\000p\000e\000n\000\040\000C\000o\000r\000r\000i\000d\000o\000r\000s}{chapter.7}% 90
\BOOKMARK [0][-]{chapter.8}{\376\377\0008\000\040\000T\000h\000e\000\040\000P\000r\000i\000c\000e\000\040\000o\000f\000\040\000D\000e\000s\000c\000e\000n\000t}{}% 91
\BOOKMARK [1][-]{section.8.1}{\376\377\0008\000.\0001\000\040\000T\000h\000e\000\040\000L\000a\000z\000y\000\040\000L\000o\000c\000k\000s\000m\000i\000t\000h\000'\000s\000\040\000W\000a\000g\000e\000r}{chapter.8}% 92
\BOOKMARK [1][-]{section.8.2}{\376\377\0008\000.\0002\000\040\000E\000u\000c\000l\000i\000d\000'\000s\000\040\000S\000t\000a\000i\000r\000c\000a\000s\000e\000\040\040\024\000\040\000H\000o\000w\000\040\000L\000o\000n\000g\000\040\000I\000s\000\040\000t\000h\000e\000\040\000C\000l\000i\000m\000b\000?}{chapter.8}% 93
\BOOKMARK [1][-]{section.8.3}{\376\377\0008\000.\0003\000\040\000T\000h\000e\000\040\000B\000a\000l\000a\000n\000c\000e\000d\000\040\000S\000e\000m\000i\000p\000r\000i\000m\000e\000\040\040\024\000\040\000A\000\040\000W\000o\000l\000f\000\040\000i\000n\000\040\000S\000h\000e\000e\000p\000'\000s\000\040\000C\000l\000o\000t\000h\000i\000n\000g}{chapter.8}% 94
\BOOKMARK [1][-]{section.8.4}{\376\377\0008\000.\0004\000\040\000T\000h\000e\000\040\000C\000o\000s\000t\000\040\000o\000f\000\040\000a\000\040\000H\000a\000n\000d\000s\000h\000a\000k\000e\000\040\040\024\000\040\000G\000C\000D\000\040\000a\000t\000\040\000E\000v\000e\000r\000y\000\040\000N\000o\000d\000e}{chapter.8}% 95
\BOOKMARK [1][-]{section.8.5}{\376\377\0008\000.\0005\000\040\000M\000u\000l\000t\000i\000p\000l\000y\000i\000n\000g\000\040\000t\000h\000e\000\040\000B\000i\000l\000l\000\040\040\024\000\040\000T\000h\000e\000\040\000T\000o\000t\000a\000l\000\040\000C\000o\000s\000t\000\040\000o\000f\000\040\000t\000h\000e\000\040\000D\000e\000s\000c\000e\000n\000t}{chapter.8}% 96
\BOOKMARK [1][-]{section.8.6}{\376\377\0008\000.\0006\000\040\000T\000h\000e\000\040\000F\000l\000o\000o\000r\000\040\000B\000e\000n\000e\000a\000t\000h\000\040\000t\000h\000e\000\040\000F\000l\000o\000o\000r\000\040\040\024\000\040\000W\000h\000y\000\040\000Y\000o\000u\000\040\000C\000a\000n\000'\000t\000\040\000G\000o\000\040\000F\000a\000s\000t\000e\000r}{chapter.8}% 97
\BOOKMARK [1][-]{section.8.7}{\376\377\0008\000.\0007\000\040\000O\000l\000d\000\040\000R\000i\000v\000a\000l\000s\000\040\040\024\000\040\000T\000r\000i\000a\000l\000\040\000D\000i\000v\000i\000s\000i\000o\000n\000\040\000a\000n\000d\000\040\000F\000e\000r\000m\000a\000t\000'\000s\000\040\000M\000e\000t\000h\000o\000d}{chapter.8}% 98
\BOOKMARK [1][-]{section.8.8}{\376\377\0008\000.\0008\000\040\000S\000h\000a\000t\000t\000e\000r\000i\000n\000g\000\040\000t\000h\000e\000\040\000C\000e\000i\000l\000i\000n\000g\000\040\040\024\000\040\000T\000h\000e\000\040\000E\000s\000c\000a\000p\000e\000\040\000t\000o\000\040\000H\000i\000g\000h\000e\000r\000\040\000D\000i\000m\000e\000n\000s\000i\000o\000n\000s}{chapter.8}% 99
\BOOKMARK [1][-]{section.8.9}{\376\377\0008\000.\0009\000\040\000T\000h\000e\000\040\000Q\000u\000a\000n\000t\000u\000m\000\040\000S\000h\000o\000r\000t\000c\000u\000t\000\040\040\024\000\040\000G\000r\000o\000v\000e\000r\000\040\000a\000n\000d\000\040\000t\000h\000e\000\040\000F\000o\000u\000r\000t\000h\000\040\000R\000o\000o\000t}{chapter.8}% 100
\BOOKMARK [1][-]{section.8.10}{\376\377\0008\000.\0001\0000\000\040\000T\000h\000e\000\040\000M\000o\000r\000a\000l\000\040\000o\000f\000\040\000t\000h\000e\000\040\000T\000r\000e\000e\000\040\040\024\000\040\000W\000h\000a\000t\000\040\000C\000o\000m\000p\000l\000e\000x\000i\000t\000y\000\040\000T\000e\000l\000l\000s\000\040\000U\000s\000\040\000A\000b\000o\000u\000t\000\040\000S\000t\000r\000u\000c\000t\000u\000r\000e}{chapter.8}% 101
\BOOKMARK [0][-]{chapter.9}{\376\377\0009\000\040\000T\000h\000e\000\040\000F\000o\000u\000r\000-\000R\000u\000n\000g\000\040\000L\000a\000d\000d\000e\000r}{}% 102
\BOOKMARK [1][-]{section.9.1}{\376\377\0009\000.\0001\000\040\000T\000h\000e\000\040\000P\000u\000z\000z\000l\000e\000\040\000o\000f\000\040\000t\000h\000e\000\040\000V\000a\000n\000i\000s\000h\000i\000n\000g\000\040\000R\000u\000l\000e\000s}{chapter.9}% 103
\BOOKMARK [1][-]{section.9.2}{\376\377\0009\000.\0002\000\040\000T\000h\000e\000\040\000C\000o\000m\000m\000u\000t\000a\000t\000i\000v\000e\000\040\000P\000a\000r\000a\000d\000i\000s\000e\000\040\040\024\000\040\000W\000h\000y\000\040\000C\000\040\000I\000s\000\040\000S\000o\000\040\000W\000e\000l\000l\000-\000B\000e\000h\000a\000v\000e\000d}{chapter.9}% 104
\BOOKMARK [1][-]{section.9.3}{\376\377\0009\000.\0003\000\040\000T\000h\000e\000\040\000N\000o\000r\000m\000\040\000T\000h\000a\000t\000\040\000M\000u\000l\000t\000i\000p\000l\000i\000e\000s\000\040\040\024\000\040\000B\000r\000a\000h\000m\000a\000g\000u\000p\000t\000a\000'\000s\000\040\000A\000n\000c\000i\000e\000n\000t\000\040\000G\000i\000f\000t}{chapter.9}% 105
\BOOKMARK [1][-]{section.9.4}{\376\377\0009\000.\0004\000\040\000T\000h\000e\000\040\000D\000a\000y\000\040\000C\000o\000m\000m\000u\000t\000a\000t\000i\000v\000i\000t\000y\000\040\000D\000i\000e\000d\000\040\040\024\000\040\000H\000a\000m\000i\000l\000t\000o\000n\000\040\000a\000n\000d\000\040\000t\000h\000e\000\040\000Q\000u\000a\000t\000e\000r\000n\000i\000o\000n\000s}{chapter.9}% 106
\BOOKMARK [1][-]{section.9.5}{\376\377\0009\000.\0005\000\040\000E\000u\000l\000e\000r\000'\000s\000\040\000G\000r\000a\000n\000d\000\040\000E\000n\000g\000i\000n\000e\000\040\040\024\000\040\000T\000h\000e\000\040\000F\000o\000u\000r\000-\000S\000q\000u\000a\000r\000e\000\040\000I\000d\000e\000n\000t\000i\000t\000y}{chapter.9}% 107
\BOOKMARK [1][-]{section.9.6}{\376\377\0009\000.\0006\000\040\000T\000h\000e\000\040\000S\000t\000a\000i\000r\000c\000a\000s\000e\000\040\000o\000f\000\040\000S\000q\000u\000a\000r\000e\000s\000\040\040\024\000\040\000H\000o\000w\000\040\000C\000h\000a\000n\000n\000e\000l\000s\000\040\000N\000e\000s\000t\000\040\000I\000n\000s\000i\000d\000e\000\040\000O\000n\000e\000\040\000A\000n\000o\000t\000h\000e\000r}{chapter.9}% 108
\BOOKMARK [1][-]{section.9.7}{\376\377\0009\000.\0007\000\040\000T\000h\000e\000\040\000M\000a\000g\000i\000c\000\040\000D\000i\000m\000e\000n\000s\000i\000o\000n\000s\000\040\040\024\000\040\000W\000h\000y\000\040\0001\000,\000\040\0002\000,\000\040\0004\000,\000\040\0008\000\040\000a\000n\000d\000\040\000N\000o\000t\000h\000i\000n\000g\000\040\000E\000l\000s\000e}{chapter.9}% 109
\BOOKMARK [1][-]{section.9.8}{\376\377\0009\000.\0008\000\040\000G\000u\000a\000r\000d\000i\000n\000g\000\040\000t\000h\000e\000\040\000G\000a\000t\000e\000\040\040\024\000\040\000H\000o\000w\000\040\000M\000a\000n\000y\000\040\000W\000a\000y\000s\000\040\000C\000a\000n\000\040\000a\000\040\000N\000u\000m\000b\000e\000r\000\040\000B\000e\000\040\000a\000\040\000P\000e\000r\000f\000e\000c\000t\000\040\000S\000q\000u\000a\000r\000e\000?}{chapter.9}% 110
\BOOKMARK [1][-]{section.9.9}{\376\377\0009\000.\0009\000\040\000J\000a\000c\000o\000b\000i\000'\000s\000\040\000M\000a\000g\000n\000i\000f\000i\000c\000e\000n\000t\000\040\000F\000o\000r\000m\000u\000l\000a\000\040\040\024\000\040\000C\000o\000u\000n\000t\000i\000n\000g\000\040\000R\000e\000p\000r\000e\000s\000e\000n\000t\000a\000t\000i\000o\000n\000s\000\040\000b\000y\000\040\000F\000o\000u\000r\000\040\000S\000q\000u\000a\000r\000e\000s}{chapter.9}% 111
\BOOKMARK [1][-]{section.9.10}{\376\377\0009\000.\0001\0000\000\040\000T\000h\000e\000\040\000V\000i\000e\000w\000\040\000f\000r\000o\000m\000\040\000t\000h\000e\000\040\000S\000u\000m\000m\000i\000t\000\040\040\024\000\040\000P\000a\000t\000t\000e\000r\000n\000s\000,\000\040\000P\000a\000r\000a\000d\000o\000x\000e\000s\000,\000\040\000a\000n\000d\000\040\000O\000p\000e\000n\000\040\000D\000o\000o\000r\000s}{chapter.9}% 112
\BOOKMARK [0][-]{chapter.10}{\376\377\0001\0000\000\040\000T\000h\000e\000\040\000M\000a\000r\000g\000i\000n\000\040\000T\000h\000a\000t\000\040\000S\000h\000o\000o\000k\000\040\000t\000h\000e\000\040\000W\000o\000r\000l\000d}{}% 113
\BOOKMARK [1][-]{section.10.1}{\376\377\0001\0000\000.\0001\000\040\000T\000h\000e\000\040\000M\000o\000s\000t\000\040\000F\000a\000m\000o\000u\000s\000\040\000S\000c\000r\000i\000b\000b\000l\000e\000\040\000i\000n\000\040\000H\000i\000s\000t\000o\000r\000y}{chapter.10}% 114
\BOOKMARK [1][-]{section.10.2}{\376\377\0001\0000\000.\0002\000\040\000T\000h\000e\000\040\000A\000r\000t\000\040\000o\000f\000\040\000N\000a\000r\000r\000o\000w\000i\000n\000g\000\040\000t\000h\000e\000\040\000B\000a\000t\000t\000l\000e\000\040\040\024\000\040\000R\000e\000d\000u\000c\000t\000i\000o\000n\000\040\000t\000o\000\040\000P\000r\000i\000m\000e\000s}{chapter.10}% 115
\BOOKMARK [1][-]{section.10.3}{\376\377\0001\0000\000.\0003\000\040\000F\000e\000r\000m\000a\000t\000'\000s\000\040\000O\000w\000n\000\040\000T\000r\000i\000u\000m\000p\000h\000\040\040\024\000\040\000T\000h\000e\000\040\000C\000a\000s\000e\000\040\000n\000\040\000=\000\040\0004}{chapter.10}% 116
\BOOKMARK [1][-]{section.10.4}{\376\377\0001\0000\000.\0004\000\040\000T\000h\000e\000\040\000S\000t\000r\000o\000n\000g\000e\000r\000\040\000W\000e\000a\000p\000o\000n\000\040\040\024\000\040\000W\000h\000y\000\040\000S\000q\000u\000a\000r\000e\000s\000\040\000A\000r\000e\000\040\000H\000a\000r\000d\000e\000r\000\040\000T\000h\000a\000n\000\040\000F\000o\000u\000r\000t\000h\000\040\000P\000o\000w\000e\000r\000s}{chapter.10}% 117
\BOOKMARK [1][-]{section.10.5}{\376\377\0001\0000\000.\0005\000\040\000E\000u\000l\000e\000r\000\040\000a\000n\000d\000\040\000t\000h\000e\000\040\000C\000u\000b\000e\000\040\040\024\000\040\000T\000h\000e\000\040\000C\000a\000s\000e\000\040\000n\000\040\000=\000\040\0003}{chapter.10}% 118
\BOOKMARK [1][-]{section.10.6}{\376\377\0001\0000\000.\0006\000\040\000T\000h\000e\000\040\000U\000n\000i\000q\000u\000e\000\040\000F\000a\000c\000t\000o\000r\000i\000z\000a\000t\000i\000o\000n\000\040\000T\000r\000a\000p\000\040\040\024\000\040\000W\000h\000y\000\040\000F\000e\000r\000m\000a\000t\000\040\000W\000a\000s\000\040\000\050\000A\000l\000m\000o\000s\000t\000\040\000C\000e\000r\000t\000a\000i\000n\000l\000y\000\051\000\040\000W\000r\000o\000n\000g}{chapter.10}% 119
\BOOKMARK [1][-]{section.10.7}{\376\377\0001\0000\000.\0007\000\040\000W\000h\000a\000t\000\040\000W\000o\000u\000l\000d\000\040\000F\000i\000t\000\040\000i\000n\000\040\000a\000\040\000M\000a\000r\000g\000i\000n\000?\000\040\040\024\000\040\000A\000n\000\040\000I\000n\000v\000e\000n\000t\000o\000r\000y\000\040\000o\000f\000\040\000E\000l\000e\000m\000e\000n\000t\000a\000r\000y\000\040\000P\000r\000o\000o\000f\000s}{chapter.10}% 120
\BOOKMARK [1][-]{section.10.8}{\376\377\0001\0000\000.\0008\000\040\000T\000h\000e\000\040\000B\000r\000i\000d\000g\000e\000\040\000f\000r\000o\000m\000\040\000G\000e\000o\000m\000e\000t\000r\000y\000\040\000t\000o\000\040\000A\000r\000i\000t\000h\000m\000e\000t\000i\000c\000\040\040\024\000\040\000E\000l\000l\000i\000p\000t\000i\000c\000\040\000C\000u\000r\000v\000e\000s\000\040\000a\000n\000d\000\040\000M\000o\000d\000u\000l\000a\000r\000i\000t\000y}{chapter.10}% 121
\BOOKMARK [1][-]{section.10.9}{\376\377\0001\0000\000.\0009\000\040\000W\000i\000l\000e\000s\000'\000s\000\040\000P\000r\000o\000o\000f\000\040\040\024\000\040\000T\000h\000e\000\040\000M\000a\000r\000g\000i\000n\000\040\000T\000h\000a\000t\000\040\000T\000o\000o\000k\000\040\0003\0005\0008\000\040\000Y\000e\000a\000r\000s\000\040\000t\000o\000\040\000F\000i\000l\000l}{chapter.10}% 122
\BOOKMARK [1][-]{section.10.10}{\376\377\0001\0000\000.\0001\0000\000\040\000W\000h\000a\000t\000\040\000R\000e\000m\000a\000i\000n\000s\000\040\040\024\000\040\000O\000p\000e\000n\000\040\000F\000r\000o\000n\000t\000i\000e\000r\000s\000\040\000a\000n\000d\000\040\000t\000h\000e\000\040\000E\000t\000e\000r\000n\000a\000l\000\040\000M\000a\000r\000g\000i\000n}{chapter.10}% 123
\BOOKMARK [0][-]{chapter.11}{\376\377\0001\0001\000\040\000T\000h\000e\000\040\000M\000a\000g\000n\000i\000f\000i\000c\000e\000n\000t\000\040\000S\000i\000e\000v\000e}{}% 124
\BOOKMARK [1][-]{section.11.1}{\376\377\0001\0001\000.\0001\000\040\000T\000h\000e\000\040\000P\000u\000z\000z\000l\000e\000\040\000o\000f\000\040\000t\000h\000e\000\040\000T\000w\000o\000\040\000I\000m\000p\000o\000s\000t\000o\000r\000\040\000S\000q\000u\000a\000r\000e\000s}{chapter.11}% 125
\BOOKMARK [1][-]{section.11.2}{\376\377\0001\0001\000.\0002\000\040\000W\000h\000y\000\040\000t\000h\000e\000\040\000T\000r\000i\000c\000k\000\040\000W\000o\000r\000k\000s\000\040\040\024\000\040\000T\000h\000e\000\040\000A\000l\000g\000e\000b\000r\000a\000\040\000o\000f\000\040\000S\000h\000a\000r\000e\000d\000\040\000F\000a\000c\000t\000o\000r\000s}{chapter.11}% 126
\BOOKMARK [1][-]{section.11.3}{\376\377\0001\0001\000.\0003\000\040\000F\000e\000r\000m\000a\000t\000'\000s\000\040\000M\000e\000t\000h\000o\000d\000\040\000a\000n\000d\000\040\000I\000t\000s\000\040\000M\000a\000g\000n\000i\000f\000i\000c\000e\000n\000t\000\040\000S\000l\000o\000w\000n\000e\000s\000s}{chapter.11}% 127
\BOOKMARK [1][-]{section.11.4}{\376\377\0001\0001\000.\0004\000\040\000T\000h\000e\000\040\000S\000m\000o\000o\000t\000h\000\040\000C\000r\000i\000m\000i\000n\000a\000l\000\040\040\024\000\040\000N\000u\000m\000b\000e\000r\000s\000\040\000W\000i\000t\000h\000\040\000O\000n\000l\000y\000\040\000S\000m\000a\000l\000l\000\040\000S\000i\000n\000s}{chapter.11}% 128
\BOOKMARK [1][-]{section.11.5}{\376\377\0001\0001\000.\0005\000\040\000T\000h\000e\000\040\000F\000a\000c\000t\000o\000r\000\040\000B\000a\000s\000e\000\040\040\024\000\040\000A\000s\000s\000e\000m\000b\000l\000i\000n\000g\000\040\000Y\000o\000u\000r\000\040\000A\000r\000s\000e\000n\000a\000l}{chapter.11}% 129
\BOOKMARK [1][-]{section.11.6}{\376\377\0001\0001\000.\0006\000\040\000T\000h\000e\000\040\000E\000x\000p\000o\000n\000e\000n\000t\000\040\000V\000e\000c\000t\000o\000r\000\040\000a\000n\000d\000\040\000t\000h\000e\000\040\000M\000a\000g\000i\000c\000\040\000o\000f\000\040\000M\000o\000d\000u\000l\000a\000r\000\040\000A\000r\000i\000t\000h\000m\000e\000t\000i\000c}{chapter.11}% 130
\BOOKMARK [1][-]{section.11.7}{\376\377\0001\0001\000.\0007\000\040\000T\000h\000e\000\040\000B\000i\000r\000t\000h\000d\000a\000y\000\040\000B\000o\000u\000n\000d\000\040\040\024\000\040\000W\000h\000y\000\040\000k\000\040\000+\000\040\0001\000\040\000R\000e\000l\000a\000t\000i\000o\000n\000s\000\040\000A\000l\000w\000a\000y\000s\000\040\000S\000u\000f\000f\000i\000c\000e}{chapter.11}% 131
\BOOKMARK [1][-]{section.11.8}{\376\377\0001\0001\000.\0008\000\040\000A\000\040\000W\000o\000r\000k\000e\000d\000\040\000E\000x\000a\000m\000p\000l\000e\000\040\040\024\000\040\000S\000i\000e\000v\000i\000n\000g\000\040\000n\000\040\000=\000\040\0001\0005\000,\0003\0004\0007\000\040\000F\000r\000o\000m\000\040\000S\000t\000a\000r\000t\000\040\000t\000o\000\040\000F\000i\000n\000i\000s\000h}{chapter.11}% 132
\BOOKMARK [1][-]{section.11.9}{\376\377\0001\0001\000.\0009\000\040\000T\000h\000e\000\040\000M\000e\000n\000a\000g\000e\000r\000i\000e\000\040\000o\000f\000\040\000M\000o\000d\000e\000r\000n\000\040\000S\000i\000e\000v\000e\000s\000\040\040\024\000\040\000D\000i\000x\000o\000n\000,\000\040\000Q\000S\000,\000\040\000a\000n\000d\000\040\000N\000F\000S}{chapter.11}% 133
\BOOKMARK [1][-]{section.11.10}{\376\377\0001\0001\000.\0001\0000\000\040\000P\000h\000i\000l\000o\000s\000o\000p\000h\000i\000c\000a\000l\000\040\000C\000o\000d\000a\000\040\040\024\000\040\000T\000h\000e\000\040\000S\000t\000r\000a\000n\000g\000e\000\040\000D\000e\000m\000o\000c\000r\000a\000c\000y\000\040\000o\000f\000\040\000S\000q\000u\000a\000r\000e\000s}{chapter.11}% 134
\BOOKMARK [0][-]{chapter.12}{\376\377\0001\0002\000\040\000T\000h\000e\000\040\000F\000o\000u\000r\000t\000h\000\040\000D\000i\000m\000e\000n\000s\000i\000o\000n\000\040\000o\000f\000\040\000P\000y\000t\000h\000a\000g\000o\000r\000a\000s}{}% 135
\BOOKMARK [1][-]{section.12.1}{\376\377\0001\0002\000.\0001\000\040\000A\000\040\000P\000u\000z\000z\000l\000e\000\040\000i\000n\000\040\000F\000o\000u\000r\000\040\000P\000a\000r\000t\000s}{chapter.12}% 136
\BOOKMARK [1][-]{section.12.2}{\376\377\0001\0002\000.\0002\000\040\000T\000h\000e\000\040\000M\000a\000g\000i\000c\000i\000a\000n\000'\000s\000\040\000B\000r\000i\000d\000g\000e}{chapter.12}% 137
\BOOKMARK [1][-]{section.12.3}{\376\377\0001\0002\000.\0003\000\040\000T\000h\000e\000\040\000M\000a\000s\000t\000e\000r\000\040\000K\000e\000y}{chapter.12}% 138
\BOOKMARK [1][-]{section.12.4}{\376\377\0001\0002\000.\0004\000\040\000T\000h\000e\000\040\000C\000o\000l\000l\000i\000s\000i\000o\000n\000\040\000D\000e\000t\000e\000c\000t\000o\000r}{chapter.12}% 139
\BOOKMARK [1][-]{section.12.5}{\376\377\0001\0002\000.\0005\000\040\000S\000t\000r\000e\000t\000c\000h\000i\000n\000g\000\040\000t\000h\000e\000\040\000Q\000u\000a\000d\000r\000u\000p\000l\000e}{chapter.12}% 140
\BOOKMARK [1][-]{section.12.6}{\376\377\0001\0002\000.\0006\000\040\000T\000h\000e\000\040\000L\000a\000t\000t\000i\000c\000e\000\040\000D\000e\000t\000e\000c\000t\000i\000v\000e}{chapter.12}% 141
\BOOKMARK [1][-]{section.12.7}{\376\377\0001\0002\000.\0007\000\040\000T\000h\000e\000\040\000I\000m\000a\000g\000i\000n\000a\000r\000y\000\040\000W\000i\000t\000n\000e\000s\000s}{chapter.12}% 142
\BOOKMARK [1][-]{section.12.8}{\376\377\0001\0002\000.\0008\000\040\000T\000h\000e\000\040\000P\000r\000i\000m\000e\000\040\000I\000n\000q\000u\000i\000s\000i\000t\000o\000r}{chapter.12}% 143
\BOOKMARK [1][-]{section.12.9}{\376\377\0001\0002\000.\0009\000\040\000T\000h\000e\000\040\000M\000o\000d\000\040\000S\000q\000u\000a\000d}{chapter.12}% 144
\BOOKMARK [1][-]{section.12.10}{\376\377\0001\0002\000.\0001\0000\000\040\000T\000h\000e\000\040\000N\000u\000m\000b\000e\000r\000\040\000C\000r\000u\000n\000c\000h\000e\000r\000'\000s\000\040\000W\000o\000r\000k\000b\000e\000n\000c\000h}{chapter.12}% 145
\BOOKMARK [0][-]{chapter.13}{\376\377\0001\0003\000\040\000T\000h\000e\000\040\000G\000C\000D\000\040\000C\000a\000s\000c\000a\000d\000e}{}% 146
\BOOKMARK [1][-]{section.13.1}{\376\377\0001\0003\000.\0001\000\040\000T\000h\000e\000\040\000E\000a\000v\000e\000s\000d\000r\000o\000p\000p\000e\000r\000'\000s\000\040\000P\000u\000z\000z\000l\000e}{chapter.13}% 147
\BOOKMARK [1][-]{section.13.2}{\376\377\0001\0003\000.\0002\000\040\000T\000h\000r\000e\000e\000\040\000C\000h\000a\000n\000n\000e\000l\000s\000,\000\040\000O\000n\000e\000\040\000T\000o\000w\000e\000r}{chapter.13}% 148
\BOOKMARK [1][-]{section.13.3}{\376\377\0001\0003\000.\0003\000\040\000C\000r\000o\000s\000s\000-\000C\000h\000a\000n\000n\000e\000l\000\040\000E\000a\000v\000e\000s\000d\000r\000o\000p\000p\000i\000n\000g}{chapter.13}% 149
\BOOKMARK [1][-]{section.13.4}{\376\377\0001\0003\000.\0004\000\040\000T\000h\000e\000\040\000P\000r\000i\000m\000e\000\040\000C\000a\000s\000c\000a\000d\000e}{chapter.13}% 150
\BOOKMARK [1][-]{section.13.5}{\376\377\0001\0003\000.\0005\000\040\000T\000h\000e\000\040\000C\000o\000m\000p\000o\000s\000i\000t\000e\000\040\000T\000o\000w\000e\000r}{chapter.13}% 151
\BOOKMARK [1][-]{section.13.6}{\376\377\0001\0003\000.\0006\000\040\000E\000v\000e\000n\000,\000\040\000O\000d\000d\000,\000\040\000a\000n\000d\000\040\000t\000h\000e\000\040\000R\000u\000l\000e\000\040\000o\000f\000\040\000F\000o\000u\000r}{chapter.13}% 152
\BOOKMARK [1][-]{section.13.7}{\376\377\0001\0003\000.\0007\000\040\000M\000a\000n\000y\000\040\000W\000i\000t\000n\000e\000s\000s\000e\000s\000,\000\040\000O\000n\000e\000\040\000P\000e\000a\000k}{chapter.13}% 153
\BOOKMARK [1][-]{section.13.8}{\376\377\0001\0003\000.\0008\000\040\000B\000r\000a\000h\000m\000a\000g\000u\000p\000t\000a\000'\000s\000\040\000A\000n\000c\000i\000e\000n\000t\000\040\000T\000r\000i\000c\000k}{chapter.13}% 154
\BOOKMARK [1][-]{section.13.9}{\376\377\0001\0003\000.\0009\000\040\000T\000h\000e\000\040\000F\000a\000c\000t\000o\000r\000\040\000D\000e\000t\000e\000c\000t\000i\000v\000e}{chapter.13}% 155
\BOOKMARK [1][-]{section.13.10}{\376\377\0001\0003\000.\0001\0000\000\040\000I\000n\000f\000i\000n\000i\000t\000e\000\040\000D\000e\000s\000c\000e\000n\000t\000\040\000A\000m\000o\000n\000g\000\040\000t\000h\000e\000\040\000Q\000u\000a\000d\000r\000u\000p\000l\000e\000s}{chapter.13}% 156
\BOOKMARK [1][-]{section.13.11}{\376\377\0001\0003\000.\0001\0001\000\040\000T\000h\000e\000\040\000B\000a\000l\000a\000n\000c\000e\000d\000\040\000Q\000u\000a\000d\000r\000u\000p\000l\000e\000\040\000T\000h\000a\000t\000\040\000D\000o\000e\000s\000n\000'\000t\000\040\000E\000x\000i\000s\000t}{chapter.13}% 157
\BOOKMARK [1][-]{section.13.12}{\376\377\0001\0003\000.\0001\0002\000\040\000H\000i\000g\000h\000e\000r\000\040\000D\000i\000m\000e\000n\000s\000i\000o\000n\000s\000,\000\040\000H\000i\000g\000h\000e\000r\000\040\000C\000h\000a\000n\000n\000e\000l\000s}{chapter.13}% 158
\BOOKMARK [1][-]{section.13.13}{\376\377\0001\0003\000.\0001\0003\000\040\000F\000i\000n\000g\000e\000r\000p\000r\000i\000n\000t\000s\000\040\000a\000n\000d\000\040\000S\000i\000e\000v\000e\000s}{chapter.13}% 159
\BOOKMARK [1][-]{section.13.14}{\376\377\0001\0003\000.\0001\0004\000\040\000P\000u\000t\000t\000i\000n\000g\000\040\000I\000t\000\040\000A\000l\000l\000\040\000T\000o\000g\000e\000t\000h\000e\000r}{chapter.13}% 160
\BOOKMARK [0][-]{chapter.14}{\376\377\0001\0004\000\040\000T\000h\000e\000\040\000T\000r\000e\000e\000\040\000T\000h\000a\000t\000\040\000C\000r\000a\000c\000k\000s\000\040\000N\000u\000m\000b\000e\000r\000s}{}% 161
\BOOKMARK [1][-]{section.14.1}{\376\377\0001\0004\000.\0001\000\040\000H\000o\000w\000\040\000a\000\040\000B\000a\000b\000y\000l\000o\000n\000i\000a\000n\000\040\000E\000q\000u\000a\000t\000i\000o\000n\000\040\000G\000r\000o\000w\000s\000\040\000a\000\040\000F\000o\000r\000e\000s\000t\000\040\000T\000h\000a\000t\000\040\000C\000a\000n\000\040\000S\000p\000l\000i\000t\000\040\000I\000n\000t\000e\000g\000e\000r\000s\000\040\000A\000p\000a\000r\000t}{chapter.14}% 162
\BOOKMARK [1][-]{section.14.2}{\376\377\0001\0004\000.\0002\000\040\000T\000h\000e\000\040\000P\000u\000z\000z\000l\000e\000\040\000o\000f\000\040\000t\000h\000e\000\040\000O\000d\000d\000\040\000N\000u\000m\000b\000e\000r\000'\000s\000\040\000S\000e\000c\000r\000e\000t\000\040\000T\000r\000i\000p\000l\000e}{chapter.14}% 163
\BOOKMARK [1][-]{section.14.3}{\376\377\0001\0004\000.\0003\000\040\000T\000h\000e\000\040\000D\000i\000f\000f\000e\000r\000e\000n\000c\000e\000-\000o\000f\000-\000S\000q\000u\000a\000r\000e\000s\000\040\000C\000r\000o\000w\000b\000a\000r}{chapter.14}% 164
\BOOKMARK [1][-]{section.14.4}{\376\377\0001\0004\000.\0004\000\040\000B\000e\000r\000g\000g\000r\000e\000n\000'\000s\000\040\000M\000i\000r\000a\000c\000u\000l\000o\000u\000s\000\040\000T\000r\000e\000e}{chapter.14}% 165
\BOOKMARK [1][-]{section.14.5}{\376\377\0001\0004\000.\0005\000\040\000C\000l\000i\000m\000b\000i\000n\000g\000\040\000B\000a\000c\000k\000\040\000U\000p\000:\000\040\000T\000h\000e\000\040\000T\000h\000r\000e\000e\000\040\000I\000n\000v\000e\000r\000s\000e\000\040\000M\000a\000p\000s}{chapter.14}% 166
\BOOKMARK [1][-]{section.14.6}{\376\377\0001\0004\000.\0006\000\040\000T\000h\000e\000\040\000H\000y\000p\000o\000t\000e\000n\000u\000s\000e\000\040\000A\000l\000w\000a\000y\000s\000\040\000S\000h\000r\000i\000n\000k\000s\000\040\000\050\000W\000h\000y\000\040\000t\000h\000e\000\040\000C\000l\000i\000m\000b\000\040\000M\000u\000s\000t\000\040\000E\000n\000d\000\051}{chapter.14}% 167
\BOOKMARK [1][-]{section.14.7}{\376\377\0001\0004\000.\0007\000\040\000O\000n\000l\000y\000\040\000O\000n\000e\000\040\000D\000o\000o\000r\000\040\000O\000p\000e\000n\000s\000:\000\040\000T\000h\000e\000\040\000U\000n\000i\000q\000u\000e\000n\000e\000s\000s\000\040\000o\000f\000\040\000t\000h\000e\000\040\000P\000a\000r\000e\000n\000t}{chapter.14}% 168
\BOOKMARK [1][-]{section.14.8}{\376\377\0001\0004\000.\0008\000\040\000T\000h\000e\000\040\000F\000a\000c\000t\000o\000r\000i\000n\000g\000\040\000M\000a\000c\000h\000i\000n\000e\000:\000\040\000G\000C\000D\000s\000\040\000A\000l\000o\000n\000g\000\040\000t\000h\000e\000\040\000C\000l\000i\000m\000b}{chapter.14}% 169
\BOOKMARK [1][-]{section.14.9}{\376\377\0001\0004\000.\0009\000\040\000T\000h\000e\000\040\000L\000i\000g\000h\000t\000\040\000C\000o\000n\000e\000:\000\040\000W\000h\000y\000\040\000t\000h\000e\000\040\000L\000o\000r\000e\000n\000t\000z\000\040\000F\000o\000r\000m\000\040\000I\000s\000\040\000P\000r\000e\000s\000e\000r\000v\000e\000d}{chapter.14}% 170
\BOOKMARK [1][-]{section.14.10}{\376\377\0001\0004\000.\0001\0000\000\040\000R\000u\000n\000n\000i\000n\000g\000\040\000t\000h\000e\000\040\000M\000a\000c\000h\000i\000n\000e\000:\000\040\000F\000i\000v\000e\000\040\000N\000u\000m\000b\000e\000r\000s\000\040\000F\000a\000l\000l\000\040\000A\000p\000a\000r\000t}{chapter.14}% 171
\BOOKMARK [1][-]{section.14.11}{\376\377\0001\0004\000.\0001\0001\000\040\000C\000o\000d\000a\000:\000\040\000T\000h\000e\000\040\000D\000e\000e\000p\000\040\000S\000t\000r\000u\000c\000t\000u\000r\000e\000,\000\040\000a\000n\000d\000\040\000Q\000u\000e\000s\000t\000i\000o\000n\000s\000\040\000T\000h\000a\000t\000\040\000R\000e\000m\000a\000i\000n}{chapter.14}% 172
\BOOKMARK [0][-]{chapter.15}{\376\377\0001\0005\000\040\000T\000h\000e\000\040\000A\000l\000g\000e\000b\000r\000a\000\040\000W\000h\000e\000r\000e\000\040\000T\000w\000o\000\040\000P\000l\000u\000s\000\040\000T\000h\000r\000e\000e\000\040\000E\000q\000u\000a\000l\000s\000\040\000T\000w\000o}{}% 173
\BOOKMARK [1][-]{section.15.1}{\376\377\0001\0005\000.\0001\000\040\000T\000h\000e\000\040\000C\000a\000l\000c\000u\000l\000a\000t\000o\000r\000\040\000T\000h\000a\000t\000\040\000F\000o\000r\000g\000o\000t\000\040\000H\000o\000w\000\040\000t\000o\000\040\000A\000d\000d}{chapter.15}% 174
\BOOKMARK [1][-]{section.15.2}{\376\377\0001\0005\000.\0002\000\040\000A\000\040\000D\000i\000s\000t\000r\000i\000b\000u\000t\000i\000v\000e\000\040\000L\000a\000w\000\040\000T\000h\000a\000t\000\040\000A\000c\000t\000u\000a\000l\000l\000y\000\040\000W\000o\000r\000k\000s}{chapter.15}% 175
\BOOKMARK [1][-]{section.15.3}{\376\377\0001\0005\000.\0003\000\040\000W\000h\000e\000n\000\040\000I\000n\000f\000i\000n\000i\000t\000y\000\040\000I\000s\000\040\000Y\000o\000u\000r\000\040\000F\000r\000i\000e\000n\000d}{chapter.15}% 176
\BOOKMARK [1][-]{section.15.4}{\376\377\0001\0005\000.\0004\000\040\000T\000w\000o\000\040\000C\000a\000n\000d\000i\000d\000a\000t\000e\000s\000,\000\040\000O\000n\000e\000\040\000W\000i\000n\000n\000e\000r}{chapter.15}% 177
\BOOKMARK [1][-]{section.15.5}{\376\377\0001\0005\000.\0005\000\040\000T\000h\000e\000\040\000T\000r\000o\000p\000i\000c\000a\000l\000\040\000C\000o\000n\000v\000e\000x\000\040\000H\000u\000l\000l\000,\000\040\000o\000r\000:\000\040\000T\000h\000e\000\040\000W\000i\000n\000n\000e\000r\000\040\000N\000e\000v\000e\000r\000\040\000L\000o\000s\000e\000s}{chapter.15}% 178
\BOOKMARK [1][-]{section.15.6}{\376\377\0001\0005\000.\0006\000\040\000T\000h\000e\000\040\000T\000r\000i\000a\000n\000g\000l\000e\000\040\000I\000n\000e\000q\000u\000a\000l\000i\000t\000y\000\040\000i\000n\000\040\000a\000\040\000W\000o\000r\000l\000d\000\040\000W\000i\000t\000h\000o\000u\000t\000\040\000T\000r\000i\000a\000n\000g\000l\000e\000s}{chapter.15}% 179
\BOOKMARK [1][-]{section.15.7}{\376\377\0001\0005\000.\0007\000\040\000T\000h\000e\000\040\000T\000r\000a\000v\000e\000l\000i\000n\000g\000\040\000S\000a\000l\000e\000s\000m\000a\000n\000'\000s\000\040\000S\000e\000c\000r\000e\000t\000\040\000A\000l\000g\000e\000b\000r\000a}{chapter.15}% 180
\BOOKMARK [1][-]{section.15.8}{\376\377\0001\0005\000.\0008\000\040\000B\000e\000l\000l\000m\000a\000n\000'\000s\000\040\000E\000q\000u\000a\000t\000i\000o\000n\000:\000\040\000T\000h\000e\000\040\000O\000p\000t\000i\000m\000a\000l\000i\000t\000y\000\040\000P\000r\000i\000n\000c\000i\000p\000l\000e\000\040\000i\000n\000\040\000T\000r\000o\000p\000i\000c\000a\000l\000\040\000D\000r\000e\000s\000s}{chapter.15}% 181
\BOOKMARK [1][-]{section.15.9}{\376\377\0001\0005\000.\0009\000\040\000F\000r\000o\000m\000\040\000S\000h\000o\000r\000t\000e\000s\000t\000\040\000P\000a\000t\000h\000s\000\040\000t\000o\000\040\000F\000a\000c\000t\000o\000r\000i\000n\000g\000\040\000N\000u\000m\000b\000e\000r\000s}{chapter.15}% 182
\BOOKMARK [1][-]{section.15.10}{\376\377\0001\0005\000.\0001\0000\000\040\000P\000u\000z\000z\000l\000e\000s\000,\000\040\000P\000a\000r\000a\000d\000o\000x\000e\000s\000,\000\040\000a\000n\000d\000\040\000O\000p\000e\000n\000\040\000Q\000u\000e\000s\000t\000i\000o\000n\000s}{chapter.15}% 183
\BOOKMARK [0][-]{chapter.16}{\376\377\0001\0006\000\040\000T\000h\000e\000\040\000R\000e\000l\000a\000t\000i\000v\000i\000s\000t\000i\000c\000\040\000S\000e\000c\000r\000e\000t\000\040\000o\000f\000\040\000R\000i\000g\000h\000t\000\040\000T\000r\000i\000a\000n\000g\000l\000e\000s}{}% 184
\BOOKMARK [1][-]{section.16.1}{\376\377\0001\0006\000.\0001\000\040\000A\000\040\000P\000u\000z\000z\000l\000e\000\040\000t\000o\000\040\000B\000e\000g\000i\000n\000:\000\040\000T\000h\000e\000\040\000F\000o\000r\000m\000\040\000T\000h\000a\000t\000\040\000R\000e\000m\000e\000m\000b\000e\000r\000s}{chapter.16}% 185
\BOOKMARK [1][-]{section.16.2}{\376\377\0001\0006\000.\0002\000\040\000T\000h\000e\000\040\000N\000u\000l\000l\000\040\000C\000o\000n\000e\000,\000\040\000o\000r\000:\000\040\000W\000h\000e\000r\000e\000\040\000R\000i\000g\000h\000t\000\040\000T\000r\000i\000a\000n\000g\000l\000e\000s\000\040\000L\000i\000v\000e}{chapter.16}% 186
\BOOKMARK [1][-]{section.16.3}{\376\377\0001\0006\000.\0003\000\040\000T\000h\000e\000\040\000B\000e\000r\000g\000g\000r\000e\000n\000\040\000T\000r\000e\000e\000:\000\040\000A\000\040\000F\000a\000m\000i\000l\000y\000\040\000A\000l\000b\000u\000m\000\040\000o\000f\000\040\000R\000i\000g\000h\000t\000\040\000T\000r\000i\000a\000n\000g\000l\000e\000s}{chapter.16}% 187
\BOOKMARK [1][-]{section.16.4}{\376\377\0001\0006\000.\0004\000\040\000E\000n\000t\000e\000r\000\040\000t\000h\000e\000\040\000L\000o\000r\000e\000n\000t\000z\000\040\000G\000r\000o\000u\000p\000\040\040\024\000\040\000o\000r\000,\000\040\000W\000h\000a\000t\000\040\000P\000h\000y\000s\000i\000c\000i\000s\000t\000s\000\040\000K\000n\000e\000w\000\040\000A\000l\000l\000\040\000A\000l\000o\000n\000g}{chapter.16}% 188
\BOOKMARK [1][-]{section.16.5}{\376\377\0001\0006\000.\0005\000\040\000C\000l\000i\000m\000b\000i\000n\000g\000\040\000D\000o\000w\000n\000\040\000t\000h\000e\000\040\000T\000r\000e\000e\000:\000\040\000T\000h\000e\000\040\000I\000n\000v\000e\000r\000s\000e\000\040\000M\000a\000t\000r\000i\000c\000e\000s\000\040\000a\000n\000d\000\040\000D\000e\000s\000c\000e\000n\000t}{chapter.16}% 189
\BOOKMARK [1][-]{section.16.6}{\376\377\0001\0006\000.\0006\000\040\000T\000h\000e\000\040\000H\000i\000g\000h\000w\000a\000y\000\040\000o\000f\000\040\000P\000u\000r\000e\000\040\000A\000'\000s\000:\000\040\000C\000o\000n\000s\000e\000c\000u\000t\000i\000v\000e\000\040\000P\000a\000r\000a\000m\000e\000t\000e\000r\000s\000\040\000a\000n\000d\000\040\000D\000e\000p\000t\000h}{chapter.16}% 190
\BOOKMARK [1][-]{section.16.7}{\376\377\0001\0006\000.\0007\000\040\000T\000h\000e\000\040\000D\000e\000p\000t\000h\000\040\000o\000f\000\040\000a\000\040\000P\000r\000i\000m\000e\000:\000\040\000A\000\040\000N\000u\000m\000b\000e\000r\000-\000T\000h\000e\000o\000r\000e\000t\000i\000c\000\040\000S\000u\000r\000p\000r\000i\000s\000e}{chapter.16}% 191
\BOOKMARK [1][-]{section.16.8}{\376\377\0001\0006\000.\0008\000\040\000H\000o\000w\000\040\000M\000a\000n\000y\000\040\000T\000r\000i\000p\000l\000e\000s\000\040\000D\000o\000e\000s\000\040\000a\000\040\000N\000u\000m\000b\000e\000r\000\040\000H\000a\000v\000e\000?\000\040\000T\000h\000e\000\040\000S\000e\000m\000i\000p\000r\000i\000m\000e\000\040\000S\000u\000r\000p\000r\000i\000s\000e}{chapter.16}% 192
\BOOKMARK [1][-]{section.16.9}{\376\377\0001\0006\000.\0009\000\040\000T\000i\000l\000i\000n\000g\000\040\000t\000h\000e\000\040\000H\000y\000p\000e\000r\000b\000o\000l\000i\000c\000\040\000P\000l\000a\000n\000e}{chapter.16}% 193
\BOOKMARK [1][-]{section.16.10}{\376\377\0001\0006\000.\0001\0000\000\040\000T\000h\000e\000\040\000G\000r\000a\000n\000d\000\040\000U\000n\000i\000f\000i\000c\000a\000t\000i\000o\000n\000:\000\040\000P\000y\000t\000h\000a\000g\000o\000r\000a\000s\000\040\000M\000e\000e\000t\000s\000\040\000E\000i\000n\000s\000t\000e\000i\000n}{chapter.16}% 194
\BOOKMARK [1][-]{section.16.11}{\376\377\0001\0006\000.\0001\0001\000\040\000A\000p\000p\000e\000n\000d\000i\000x\000\040\000A\000:\000\040\000T\000h\000e\000\040\000R\000e\000a\000d\000e\000r\000'\000s\000\040\000T\000o\000o\000l\000k\000i\000t\000\040\040\024\000\040\000P\000u\000z\000z\000l\000e\000s\000\040\000a\000n\000d\000\040\000E\000x\000e\000r\000c\000i\000s\000e\000s}{chapter.16}% 195
\BOOKMARK [0][-]{chapter*.231}{\376\377\000C\000o\000n\000c\000l\000u\000s\000i\000o\000n\000:\000\040\000T\000h\000e\000\040\000R\000o\000s\000e\000t\000t\000a\000\040\000S\000t\000o\000n\000e}{}% 196
\BOOKMARK [1][-]{section.16.12}{\376\377\0001\0006\000.\0001\0002\000\040\000T\000h\000e\000\040\000R\000o\000p\000e\000-\000S\000t\000r\000e\000t\000c\000h\000e\000r\000'\000s\000\040\000R\000e\000t\000u\000r\000n}{chapter*.231}% 197
\BOOKMARK [1][-]{section.16.13}{\376\377\0001\0006\000.\0001\0003\000\040\000N\000i\000n\000e\000\040\000F\000a\000c\000e\000s\000\040\000o\000f\000\040\000O\000n\000e\000\040\000E\000q\000u\000a\000t\000i\000o\000n}{chapter*.231}% 198
\BOOKMARK [1][-]{section.16.14}{\376\377\0001\0006\000.\0001\0004\000\040\000T\000h\000e\000\040\000U\000n\000r\000e\000a\000s\000o\000n\000a\000b\000l\000e\000\040\000E\000f\000f\000e\000c\000t\000i\000v\000e\000n\000e\000s\000s\000\040\000o\000f\000\040\000a\000\040\000S\000c\000h\000o\000o\000l\000c\000h\000i\000l\000d\000'\000s\000\040\000E\000q\000u\000a\000t\000i\000o\000n}{chapter*.231}% 199
\BOOKMARK [1][-]{section.16.15}{\376\377\0001\0006\000.\0001\0005\000\040\000T\000h\000e\000\040\000P\000u\000z\000z\000l\000e\000s\000\040\000T\000h\000a\000t\000\040\000R\000e\000m\000a\000i\000n}{chapter*.231}% 200
\BOOKMARK [1][-]{section.16.16}{\376\377\0001\0006\000.\0001\0006\000\040\000A\000\040\000L\000a\000s\000t\000\040\000P\000u\000z\000z\000l\000e}{chapter*.231}% 201
\BOOKMARK [0][-]{section*.235}{\376\377\000I\000n\000d\000e\000x}{}% 202
