{"synthetic": false,
 "schemaVersion": "2025-09-10",
 "outputs":
 {"o": ["c4e9e0cad0c81859.olean"],
  "i": "754d52ea9b516a99.ilean",
  "c": "60314a8f018b2546.c"},
 "log":
 [{"message":
   ".> LEAN_PATH=/home/raver1975/factor/lean/Factor/.lake/packages/Cli/.lake/build/lib/lean:/home/raver1975/factor/lean/Factor/.lake/packages/batteries/.lake/build/lib/lean:/home/raver1975/factor/lean/Factor/.lake/packages/Qq/.lake/build/lib/lean:/home/raver1975/factor/lean/Factor/.lake/packages/aesop/.lake/build/lib/lean:/home/raver1975/factor/lean/Factor/.lake/packages/proofwidgets/.lake/build/lib/lean:/home/raver1975/factor/lean/Factor/.lake/packages/importGraph/.lake/build/lib/lean:/home/raver1975/factor/lean/Factor/.lake/packages/LeanSearchClient/.lake/build/lib/lean:/home/raver1975/factor/lean/Factor/.lake/packages/plausible/.lake/build/lib/lean:/home/raver1975/factor/lean/Factor/.lake/packages/mathlib/.lake/build/lib/lean:/home/raver1975/factor/lean/Factor/.lake/build/lib/lean /home/raver1975/.elan/toolchains/leanprover--lean4---v4.28.0/bin/lean /home/raver1975/factor/lean/Factor/BerggrenTree.lean -o /home/raver1975/factor/lean/Factor/.lake/build/lib/lean/BerggrenTree.olean -i /home/raver1975/factor/lean/Factor/.lake/build/lib/lean/BerggrenTree.ilean -c /home/raver1975/factor/lean/Factor/.lake/build/ir/BerggrenTree.c --setup /home/raver1975/factor/lean/Factor/.lake/build/ir/BerggrenTree.setup.json --json",
   "level": "trace"},
  {"message": "BerggrenTree.lean:178:0: (3, 4, 5)", "level": "info"},
  {"message": "BerggrenTree.lean:179:0: (5, 12, 13)", "level": "info"},
  {"message": "BerggrenTree.lean:180:0: (21, 20, 29)", "level": "info"},
  {"message": "BerggrenTree.lean:181:0: (15, 8, 17)", "level": "info"},
  {"message": "BerggrenTree.lean:182:0: (7, 24, 25)", "level": "info"},
  {"message": "BerggrenTree.lean:183:0: (55, 48, 73)", "level": "info"},
  {"message": "BerggrenTree.lean:184:0: (45, 28, 53)", "level": "info"}],
 "inputs":
 [["BerggrenTree:deps",
   [["deps",
     [["RequestProject/BerggrenTree:extraDep",
       [["@RequestProject:extraDep", "00000000000006bb"]]],
      ["imports",
       [["Mathlib transitive imports (legacy)", "8fd896a9b3011bd6"],
        ["Mathlib:importAllArts", "8fc2a9ec06d95bdc"]]]]],
    ["libs",
     [["import dynlibs", "00000000000006bb"],
      ["package external libraries", "00000000000006bb"],
      ["module dynlibs", "00000000000006bb"],
      ["module plugins", "00000000000006bb"]]]]],
  ["Lean 4.28.0, commit 7e01a1bf5c70fc6167d49c345d3bf80596e9a79b",
   "a96bc04a2e5e9630"],
  ["/home/raver1975/factor/lean/Factor/BerggrenTree.lean", "6ac9848edf7d66f7"],
  ["options", "00000000000006bb"],
  ["Module.leanArgs: #[]", "00000000000006bb"]],
 "depHash": "cc77c332b0149ed0"}