{"synthetic": false,
 "schemaVersion": "2025-09-10",
 "outputs":
 {"o": ["e39e00caccd47ec9.olean"],
  "i": "f6ce61620e3f60ff.ilean",
  "c": "5ba95cde3cabf308.c"},
 "log":
 [{"message":
   ".> LEAN_PATH=/home/raver1975/factor/lean/Factor/.lake/packages/Cli/.lake/build/lib/lean:/home/raver1975/factor/lean/Factor/.lake/packages/batteries/.lake/build/lib/lean:/home/raver1975/factor/lean/Factor/.lake/packages/Qq/.lake/build/lib/lean:/home/raver1975/factor/lean/Factor/.lake/packages/aesop/.lake/build/lib/lean:/home/raver1975/factor/lean/Factor/.lake/packages/proofwidgets/.lake/build/lib/lean:/home/raver1975/factor/lean/Factor/.lake/packages/importGraph/.lake/build/lib/lean:/home/raver1975/factor/lean/Factor/.lake/packages/LeanSearchClient/.lake/build/lib/lean:/home/raver1975/factor/lean/Factor/.lake/packages/plausible/.lake/build/lib/lean:/home/raver1975/factor/lean/Factor/.lake/packages/mathlib/.lake/build/lib/lean:/home/raver1975/factor/lean/Factor/.lake/build/lib/lean /home/raver1975/.elan/toolchains/leanprover--lean4---v4.28.0/bin/lean /home/raver1975/factor/lean/Factor/CongruentNumber.lean -o /home/raver1975/factor/lean/Factor/.lake/build/lib/lean/CongruentNumber.olean -i /home/raver1975/factor/lean/Factor/.lake/build/lib/lean/CongruentNumber.ilean -c /home/raver1975/factor/lean/Factor/.lake/build/ir/CongruentNumber.c --setup /home/raver1975/factor/lean/Factor/.lake/build/ir/CongruentNumber.setup.json --json",
   "level": "trace"},
  {"message":
   "CongruentNumber.lean:73:60: unused variable `hc`\n\nNote: This linter can be disabled with `set_option linter.unusedVariables false`",
   "level": "warning"}],
 "inputs":
 [["CongruentNumber:deps",
   [["deps",
     [["RequestProject/CongruentNumber:extraDep",
       [["@RequestProject:extraDep", "00000000000006bb"]]],
      ["imports",
       [["Mathlib transitive imports (legacy)", "8fd896a9b3011bd6"],
        ["Mathlib:importAllArts", "8fc2a9ec06d95bdc"]]]]],
    ["libs",
     [["import dynlibs", "00000000000006bb"],
      ["package external libraries", "00000000000006bb"],
      ["module dynlibs", "00000000000006bb"],
      ["module plugins", "00000000000006bb"]]]]],
  ["Lean 4.28.0, commit 7e01a1bf5c70fc6167d49c345d3bf80596e9a79b",
   "a96bc04a2e5e9630"],
  ["/home/raver1975/factor/lean/Factor/CongruentNumber.lean",
   "05e9865bc7af9e72"],
  ["options", "00000000000006bb"],
  ["Module.leanArgs: #[]", "00000000000006bb"]],
 "depHash": "b4dd0329d1592aba"}