{"synthetic": false,
 "schemaVersion": "2025-09-10",
 "outputs":
 {"o": ["ea4657207e86725f.olean"],
  "i": "2b47d171f0cd4b12.ilean",
  "c": "01c1777c15eb4f35.c"},
 "log":
 [{"message":
   ".> LEAN_PATH=/home/raver1975/factor/lean/Factor/.lake/packages/Cli/.lake/build/lib/lean:/home/raver1975/factor/lean/Factor/.lake/packages/batteries/.lake/build/lib/lean:/home/raver1975/factor/lean/Factor/.lake/packages/Qq/.lake/build/lib/lean:/home/raver1975/factor/lean/Factor/.lake/packages/aesop/.lake/build/lib/lean:/home/raver1975/factor/lean/Factor/.lake/packages/proofwidgets/.lake/build/lib/lean:/home/raver1975/factor/lean/Factor/.lake/packages/importGraph/.lake/build/lib/lean:/home/raver1975/factor/lean/Factor/.lake/packages/LeanSearchClient/.lake/build/lib/lean:/home/raver1975/factor/lean/Factor/.lake/packages/plausible/.lake/build/lib/lean:/home/raver1975/factor/lean/Factor/.lake/packages/mathlib/.lake/build/lib/lean:/home/raver1975/factor/lean/Factor/.lake/build/lib/lean /home/raver1975/.elan/toolchains/leanprover--lean4---v4.28.0/bin/lean /home/raver1975/factor/lean/Factor/GaussianIntegers.lean -o /home/raver1975/factor/lean/Factor/.lake/build/lib/lean/GaussianIntegers.olean -i /home/raver1975/factor/lean/Factor/.lake/build/lib/lean/GaussianIntegers.ilean -c /home/raver1975/factor/lean/Factor/.lake/build/ir/GaussianIntegers.c --setup /home/raver1975/factor/lean/Factor/.lake/build/ir/GaussianIntegers.setup.json --json",
   "level": "trace"}],
 "inputs":
 [["GaussianIntegers:deps",
   [["deps",
     [["RequestProject/GaussianIntegers:extraDep",
       [["@RequestProject:extraDep", "00000000000006bb"]]],
      ["imports",
       [["Mathlib transitive imports (legacy)", "8fd896a9b3011bd6"],
        ["Mathlib:importAllArts", "8fc2a9ec06d95bdc"]]]]],
    ["libs",
     [["import dynlibs", "00000000000006bb"],
      ["package external libraries", "00000000000006bb"],
      ["module dynlibs", "00000000000006bb"],
      ["module plugins", "00000000000006bb"]]]]],
  ["Lean 4.28.0, commit 7e01a1bf5c70fc6167d49c345d3bf80596e9a79b",
   "a96bc04a2e5e9630"],
  ["/home/raver1975/factor/lean/Factor/GaussianIntegers.lean",
   "30c5e1bd382a74a6"],
  ["options", "00000000000006bb"],
  ["Module.leanArgs: #[]", "00000000000006bb"]],
 "depHash": "4fb66d362c384552"}