{"synthetic": false,
 "schemaVersion": "2025-09-10",
 "outputs":
 {"o": ["b421c112e63a8a5f.olean"],
  "i": "6641343cabff1f4f.ilean",
  "c": "36a515e6c9b49314.c"},
 "log":
 [{"message":
   ".> LEAN_PATH=/home/raver1975/factor/lean/Factor/.lake/packages/Cli/.lake/build/lib/lean:/home/raver1975/factor/lean/Factor/.lake/packages/batteries/.lake/build/lib/lean:/home/raver1975/factor/lean/Factor/.lake/packages/Qq/.lake/build/lib/lean:/home/raver1975/factor/lean/Factor/.lake/packages/aesop/.lake/build/lib/lean:/home/raver1975/factor/lean/Factor/.lake/packages/proofwidgets/.lake/build/lib/lean:/home/raver1975/factor/lean/Factor/.lake/packages/importGraph/.lake/build/lib/lean:/home/raver1975/factor/lean/Factor/.lake/packages/LeanSearchClient/.lake/build/lib/lean:/home/raver1975/factor/lean/Factor/.lake/packages/plausible/.lake/build/lib/lean:/home/raver1975/factor/lean/Factor/.lake/packages/mathlib/.lake/build/lib/lean:/home/raver1975/factor/lean/Factor/.lake/build/lib/lean /home/raver1975/.elan/toolchains/leanprover--lean4---v4.28.0/bin/lean /home/raver1975/factor/lean/Factor/QuantumGateSynthesis.lean -o /home/raver1975/factor/lean/Factor/.lake/build/lib/lean/QuantumGateSynthesis.olean -i /home/raver1975/factor/lean/Factor/.lake/build/lib/lean/QuantumGateSynthesis.ilean -c /home/raver1975/factor/lean/Factor/.lake/build/ir/QuantumGateSynthesis.c --setup /home/raver1975/factor/lean/Factor/.lake/build/ir/QuantumGateSynthesis.setup.json --json",
   "level": "trace"},
  {"message":
   "QuantumGateSynthesis.lean:220:83: Try this:\n  [apply] ring_nf\n  \n  The `ring` tactic failed to close the goal. Use `ring_nf` to obtain a normal form.\n    \n  Note that `ring` works primarily in *commutative* rings. If you have a noncommutative ring, abelian group or module, consider using `noncomm_ring`, `abel` or `module` instead.",
   "level": "info"},
  {"message":
   "QuantumGateSynthesis.lean:221:158: Try this:\n  [apply] ring_nf\n  \n  The `ring` tactic failed to close the goal. Use `ring_nf` to obtain a normal form.\n    \n  Note that `ring` works primarily in *commutative* rings. If you have a noncommutative ring, abelian group or module, consider using `noncomm_ring`, `abel` or `module` instead.",
   "level": "info"}],
 "inputs":
 [["QuantumGateSynthesis:deps",
   [["deps",
     [["RequestProject/QuantumGateSynthesis:extraDep",
       [["@RequestProject:extraDep", "00000000000006bb"]]],
      ["imports",
       [["Mathlib transitive imports (legacy)", "8fd896a9b3011bd6"],
        ["Mathlib:importAllArts", "8fc2a9ec06d95bdc"]]]]],
    ["libs",
     [["import dynlibs", "00000000000006bb"],
      ["package external libraries", "00000000000006bb"],
      ["module dynlibs", "00000000000006bb"],
      ["module plugins", "00000000000006bb"]]]]],
  ["Lean 4.28.0, commit 7e01a1bf5c70fc6167d49c345d3bf80596e9a79b",
   "a96bc04a2e5e9630"],
  ["/home/raver1975/factor/lean/Factor/QuantumGateSynthesis.lean",
   "cfa1deae34c38767"],
  ["options", "00000000000006bb"],
  ["Module.leanArgs: #[]", "00000000000006bb"]],
 "depHash": "2182235c60511a83"}