{"synthetic": false,
 "schemaVersion": "2025-09-10",
 "outputs":
 {"o": ["f90a105389e3596d.olean"],
  "i": "6d2ae7f369a7886b.ilean",
  "c": "56a7ecb72fc33088.c"},
 "log":
 [{"message":
   ".> LEAN_PATH=/home/raver1975/factor/lean/Factor/.lake/packages/Cli/.lake/build/lib/lean:/home/raver1975/factor/lean/Factor/.lake/packages/batteries/.lake/build/lib/lean:/home/raver1975/factor/lean/Factor/.lake/packages/Qq/.lake/build/lib/lean:/home/raver1975/factor/lean/Factor/.lake/packages/aesop/.lake/build/lib/lean:/home/raver1975/factor/lean/Factor/.lake/packages/proofwidgets/.lake/build/lib/lean:/home/raver1975/factor/lean/Factor/.lake/packages/importGraph/.lake/build/lib/lean:/home/raver1975/factor/lean/Factor/.lake/packages/LeanSearchClient/.lake/build/lib/lean:/home/raver1975/factor/lean/Factor/.lake/packages/plausible/.lake/build/lib/lean:/home/raver1975/factor/lean/Factor/.lake/packages/mathlib/.lake/build/lib/lean:/home/raver1975/factor/lean/Factor/.lake/build/lib/lean /home/raver1975/.elan/toolchains/leanprover--lean4---v4.28.0/bin/lean /home/raver1975/factor/lean/Factor/QuantumCompression.lean -o /home/raver1975/factor/lean/Factor/.lake/build/lib/lean/QuantumCompression.olean -i /home/raver1975/factor/lean/Factor/.lake/build/lib/lean/QuantumCompression.ilean -c /home/raver1975/factor/lean/Factor/.lake/build/ir/QuantumCompression.c --setup /home/raver1975/factor/lean/Factor/.lake/build/ir/QuantumCompression.setup.json --json",
   "level": "trace"},
  {"message":
   "QuantumCompression.lean:64:51: unused variable `hn`\n\nNote: This linter can be disabled with `set_option linter.unusedVariables false`",
   "level": "warning"},
  {"message":
   "QuantumCompression.lean:65:33: unused variable `hf`\n\nNote: This linter can be disabled with `set_option linter.unusedVariables false`",
   "level": "warning"}],
 "inputs":
 [["QuantumCompression:deps",
   [["deps",
     [["RequestProject/QuantumCompression:extraDep",
       [["@RequestProject:extraDep", "00000000000006bb"]]],
      ["imports",
       [["Mathlib transitive imports (legacy)", "8fd896a9b3011bd6"],
        ["Mathlib:importAllArts", "8fc2a9ec06d95bdc"]]]]],
    ["libs",
     [["import dynlibs", "00000000000006bb"],
      ["package external libraries", "00000000000006bb"],
      ["module dynlibs", "00000000000006bb"],
      ["module plugins", "00000000000006bb"]]]]],
  ["Lean 4.28.0, commit 7e01a1bf5c70fc6167d49c345d3bf80596e9a79b",
   "a96bc04a2e5e9630"],
  ["/home/raver1975/factor/lean/Factor/QuantumCompression.lean",
   "eef031c04d243fcb"],
  ["options", "00000000000006bb"],
  ["Module.leanArgs: #[]", "00000000000006bb"]],
 "depHash": "574a9997117342a5"}