{"synthetic": false,
 "schemaVersion": "2025-09-10",
 "outputs":
 {"o": ["7defe3ebe5910d52.olean"],
  "i": "3be35526a8fcf640.ilean",
  "c": "8325cb70d75a5d6a.c"},
 "log":
 [{"message":
   ".> LEAN_PATH=/home/raver1975/factor/lean/Factor/.lake/packages/Cli/.lake/build/lib/lean:/home/raver1975/factor/lean/Factor/.lake/packages/batteries/.lake/build/lib/lean:/home/raver1975/factor/lean/Factor/.lake/packages/Qq/.lake/build/lib/lean:/home/raver1975/factor/lean/Factor/.lake/packages/aesop/.lake/build/lib/lean:/home/raver1975/factor/lean/Factor/.lake/packages/proofwidgets/.lake/build/lib/lean:/home/raver1975/factor/lean/Factor/.lake/packages/importGraph/.lake/build/lib/lean:/home/raver1975/factor/lean/Factor/.lake/packages/LeanSearchClient/.lake/build/lib/lean:/home/raver1975/factor/lean/Factor/.lake/packages/plausible/.lake/build/lib/lean:/home/raver1975/factor/lean/Factor/.lake/packages/mathlib/.lake/build/lib/lean:/home/raver1975/factor/lean/Factor/.lake/build/lib/lean /home/raver1975/.elan/toolchains/leanprover--lean4---v4.28.0/bin/lean /home/raver1975/factor/lean/Factor/SL2Theory.lean -o /home/raver1975/factor/lean/Factor/.lake/build/lib/lean/SL2Theory.olean -i /home/raver1975/factor/lean/Factor/.lake/build/lib/lean/SL2Theory.ilean -c /home/raver1975/factor/lean/Factor/.lake/build/ir/SL2Theory.c --setup /home/raver1975/factor/lean/Factor/.lake/build/ir/SL2Theory.setup.json --json",
   "level": "trace"},
  {"message":
   "SL2Theory.lean:55:63: This simp argument is unused:\n  M1_SL2\n\nHint: Omit it from the simp argument list.\n  simp +decide [M1̵_̵S̵L̵2̵,̵ ̵M̵3_SL2]\n\nNote: This linter can be disabled with `set_option linter.unusedSimpArgs false`",
   "level": "warning"},
  {"message":
   "SL2Theory.lean:55:71: This simp argument is unused:\n  M3_SL2\n\nHint: Omit it from the simp argument list.\n  simp +decide [M1_SL2,̵ ̵M̵3̵_̵S̵L̵2̵]\n\nNote: This linter can be disabled with `set_option linter.unusedSimpArgs false`",
   "level": "warning"}],
 "inputs":
 [["SL2Theory:deps",
   [["deps",
     [["RequestProject/SL2Theory:extraDep",
       [["@RequestProject:extraDep", "00000000000006bb"]]],
      ["imports",
       [["Mathlib transitive imports (legacy)", "8fd896a9b3011bd6"],
        ["Mathlib:importAllArts", "8fc2a9ec06d95bdc"]]]]],
    ["libs",
     [["import dynlibs", "00000000000006bb"],
      ["package external libraries", "00000000000006bb"],
      ["module dynlibs", "00000000000006bb"],
      ["module plugins", "00000000000006bb"]]]]],
  ["Lean 4.28.0, commit 7e01a1bf5c70fc6167d49c345d3bf80596e9a79b",
   "a96bc04a2e5e9630"],
  ["/home/raver1975/factor/lean/Factor/SL2Theory.lean", "e2764708cee56e3b"],
  ["options", "00000000000006bb"],
  ["Module.leanArgs: #[]", "00000000000006bb"]],
 "depHash": "08b13c549d86fd6d"}