\BOOKMARK [0][-]{chapter*.2}{\376\377\000P\000r\000e\000l\000u\000d\000e\000:\000\040\000T\000h\000e\000\040\000M\000a\000r\000g\000i\000n\000\040\000a\000n\000d\000\040\000t\000h\000e\000\040\000M\000a\000c\000h\000i\000n\000e}{}% 1
\BOOKMARK [-1][-]{part.1}{\376\377\000I\000\040\000T\000h\000e\000\040\000T\000r\000e\000e\000\040\000o\000f\000\040\000T\000r\000i\000p\000l\000e\000s}{}% 2
\BOOKMARK [0][-]{chapter.1}{\376\377\000T\000h\000e\000\040\000B\000e\000r\000g\000g\000r\000e\000n\040\023\000L\000o\000r\000e\000n\000t\000z\000\040\000C\000o\000r\000r\000e\000s\000p\000o\000n\000d\000e\000n\000c\000e}{part.1}% 3
\BOOKMARK [1][-]{section.1.1}{\376\377\000T\000h\000e\000\040\000N\000u\000l\000l\000\040\000C\000o\000n\000e}{chapter.1}% 4
\BOOKMARK [1][-]{section.1.2}{\376\377\000T\000h\000r\000e\000e\000\040\000M\000a\000t\000r\000i\000c\000e\000s\000,\000\040\000O\000n\000e\000\040\000G\000r\000o\000u\000p}{chapter.1}% 5
\BOOKMARK [1][-]{section.1.3}{\376\377\000T\000h\000e\000\040\000F\000a\000c\000t\000o\000r\000i\000n\000g\000\040\000B\000r\000i\000d\000g\000e}{chapter.1}% 6
\BOOKMARK [1][-]{section.1.4}{\376\377\000W\000h\000a\000t\000\040\000t\000h\000e\000\040\000M\000a\000c\000h\000i\000n\000e\000\040\000S\000a\000y\000s}{chapter.1}% 7
\BOOKMARK [0][-]{chapter.2}{\376\377\000T\000h\000e\000\040\000L\000a\000t\000t\000i\000c\000e\040\023\000T\000r\000e\000e\000\040\000C\000o\000r\000r\000e\000s\000p\000o\000n\000d\000e\000n\000c\000e}{part.1}% 8
\BOOKMARK [1][-]{section.2.1}{\376\377\000B\000e\000r\000g\000g\000r\000e\000n\000\040\000D\000e\000s\000c\000e\000n\000t\000\040\000a\000s\000\040\000L\000a\000t\000t\000i\000c\000e\000\040\000R\000e\000d\000u\000c\000t\000i\000o\000n}{chapter.2}% 9
\BOOKMARK [1][-]{section.2.2}{\376\377\000T\000h\000e\000\040\000C\000o\000m\000p\000l\000e\000x\000i\000t\000y\000\040\000C\000o\000n\000s\000e\000q\000u\000e\000n\000c\000e}{chapter.2}% 10
\BOOKMARK [0][-]{chapter.3}{\376\377\000H\000y\000p\000e\000r\000b\000o\000l\000i\000c\000\040\000S\000h\000o\000r\000t\000c\000u\000t\000s}{part.1}% 11
\BOOKMARK [1][-]{section.3.1}{\376\377\000P\000a\000t\000h\000s\000\040\000a\000s\000\040\000M\000a\000t\000r\000i\000x\000\040\000P\000r\000o\000d\000u\000c\000t\000s}{chapter.3}% 12
\BOOKMARK [1][-]{section.3.2}{\376\377\000I\000n\000v\000e\000r\000s\000e\000\040\000M\000a\000t\000r\000i\000c\000e\000s\000\040\000f\000o\000r\000\040\000A\000s\000c\000e\000n\000t}{chapter.3}% 13
\BOOKMARK [1][-]{section.3.3}{\376\377\000T\000h\000e\000\040\000C\000h\000e\000b\000y\000s\000h\000e\000v\000\040\000C\000o\000n\000n\000e\000c\000t\000i\000o\000n}{chapter.3}% 14
\BOOKMARK [0][-]{chapter.4}{\376\377\000T\000h\000r\000e\000e\000\040\000R\000o\000a\000d\000s\000\040\000f\000r\000o\000m\000\040\000P\000y\000t\000h\000a\000g\000o\000r\000a\000s}{part.1}% 15
\BOOKMARK [1][-]{section.4.1}{\376\377\000R\000o\000a\000d\000\040\000I\000:\000\040\000E\000u\000l\000e\000r\000'\000s\000\040\000M\000e\000t\000h\000o\000d}{chapter.4}% 16
\BOOKMARK [1][-]{section.4.2}{\376\377\000R\000o\000a\000d\000\040\000I\000I\000:\000\040\000G\000a\000u\000s\000s\000i\000a\000n\000\040\000C\000o\000m\000p\000o\000s\000i\000t\000i\000o\000n}{chapter.4}% 17
\BOOKMARK [1][-]{section.4.3}{\376\377\000R\000o\000a\000d\000\040\000I\000I\000I\000:\000\040\000T\000h\000e\000\040\000T\000r\000e\000e\000\040\000S\000i\000e\000v\000e}{chapter.4}% 18
\BOOKMARK [0][-]{chapter.5}{\376\377\000P\000u\000b\000l\000i\000c\000a\000t\000i\000o\000n\000-\000Q\000u\000a\000l\000i\000t\000y\000\040\000P\000r\000o\000o\000f\000s}{part.1}% 19
\BOOKMARK [1][-]{section.5.1}{\376\377\000T\000h\000e\000\040\000E\000i\000g\000h\000t\000\040\000M\000a\000i\000n\000\040\000T\000h\000e\000o\000r\000e\000m\000s}{chapter.5}% 20
\BOOKMARK [-1][-]{part.2}{\376\377\000I\000I\000\040\000T\000h\000e\000\040\000C\000h\000a\000n\000n\000e\000l\000s\000\040\000o\000f\000\040\000N\000u\000m\000b\000e\000r}{}% 21
\BOOKMARK [0][-]{chapter.6}{\376\377\000H\000i\000g\000h\000e\000r\000\040\000k\000-\000T\000u\000p\000l\000e\000\040\000F\000a\000c\000t\000o\000r\000i\000n\000g}{part.2}% 22
\BOOKMARK [1][-]{section.6.1}{\376\377\000T\000h\000e\000\040\000C\000h\000a\000n\000n\000e\000l\000\040\000F\000r\000a\000m\000e\000w\000o\000r\000k}{chapter.6}% 23
\BOOKMARK [1][-]{section.6.2}{\376\377\000C\000r\000o\000s\000s\000-\000D\000i\000m\000e\000n\000s\000i\000o\000n\000a\000l\000\040\000L\000i\000f\000t\000i\000n\000g}{chapter.6}% 24
\BOOKMARK [1][-]{section.6.3}{\376\377\000T\000h\000e\000\040\000R\000e\000f\000l\000e\000c\000t\000i\000o\000n\000\040\000O\000p\000e\000r\000a\000t\000o\000r}{chapter.6}% 25
\BOOKMARK [0][-]{chapter.7}{\376\377\000Q\000u\000a\000n\000t\000u\000m\000\040\000G\000r\000o\000v\000e\000r\000\040\000A\000c\000c\000e\000l\000e\000r\000a\000t\000i\000o\000n}{part.2}% 26
\BOOKMARK [1][-]{section.7.1}{\376\377\000T\000h\000e\000\040\000O\000r\000a\000c\000l\000e\000\040\000C\000o\000n\000s\000t\000r\000u\000c\000t\000i\000o\000n}{chapter.7}% 27
\BOOKMARK [0][-]{chapter.8}{\376\377\000C\000o\000m\000p\000l\000e\000x\000i\000t\000y\000\040\000B\000o\000u\000n\000d\000s\000,\000\040\000P\000r\000o\000v\000e\000n}{part.2}% 28
\BOOKMARK [1][-]{section.8.1}{\376\377\000T\000h\000e\000\040\000U\000p\000p\000e\000r\000\040\000B\000o\000u\000n\000d}{chapter.8}% 29
\BOOKMARK [1][-]{section.8.2}{\376\377\000T\000h\000e\000\040\000L\000o\000w\000e\000r\000\040\000B\000o\000u\000n\000d}{chapter.8}% 30
\BOOKMARK [-1][-]{part.3}{\376\377\000I\000I\000I\000\040\000T\000h\000e\000\040\000A\000l\000g\000e\000b\000r\000a\000i\000c\000\040\000C\000o\000s\000m\000o\000s}{}% 31
\BOOKMARK [0][-]{chapter.9}{\376\377\000T\000h\000e\000\040\000C\000a\000y\000l\000e\000y\040\023\000D\000i\000c\000k\000s\000o\000n\000\040\000H\000i\000e\000r\000a\000r\000c\000h\000y}{part.3}% 32
\BOOKMARK [1][-]{section.9.1}{\376\377\000T\000h\000e\000\040\000F\000o\000u\000r\000\040\000C\000h\000a\000n\000n\000e\000l\000s}{chapter.9}% 33
\BOOKMARK [1][-]{section.9.2}{\376\377\000C\000o\000m\000p\000o\000s\000i\000t\000i\000o\000n\000\040\000A\000l\000g\000e\000b\000r\000a\000s\000\040\000a\000n\000d\000\040\000F\000a\000c\000t\000o\000r\000i\000n\000g}{chapter.9}% 34
\BOOKMARK [0][-]{chapter.10}{\376\377\000F\000e\000r\000m\000a\000t\000'\000s\000\040\000L\000a\000s\000t\000\040\000T\000h\000e\000o\000r\000e\000m\000:\000\040\000W\000h\000a\000t\000\040\000F\000i\000t\000s\000\040\000i\000n\000\040\000t\000h\000e\000\040\000M\000a\000r\000g\000i\000n\000?}{part.3}% 35
\BOOKMARK [1][-]{section.10.1}{\376\377\000T\000h\000e\000\040\000C\000a\000s\000e\000\040\000n\000\040\000=\000\040\0004\000:\000\040\000I\000n\000f\000i\000n\000i\000t\000e\000\040\000D\000e\000s\000c\000e\000n\000t}{chapter.10}% 36
\BOOKMARK [1][-]{section.10.2}{\376\377\000T\000h\000e\000\040\000C\000a\000s\000e\000\040\000n\000\040\000=\000\040\0003\000:\000\040\000E\000u\000l\000e\000r\000'\000s\000\040\000P\000r\000o\000o\000f}{chapter.10}% 37
\BOOKMARK [1][-]{section.10.3}{\376\377\000T\000h\000e\000\040\000F\000u\000l\000l\000\040\000T\000h\000e\000o\000r\000e\000m}{chapter.10}% 38
\BOOKMARK [1][-]{section.10.4}{\376\377\000W\000h\000y\000\040\000t\000h\000e\000\040\000M\000a\000r\000g\000i\000n\000\040\000W\000a\000s\000\040\000T\000o\000o\000\040\000S\000m\000a\000l\000l}{chapter.10}% 39
\BOOKMARK [0][-]{chapter.11}{\376\377\000C\000o\000n\000g\000r\000u\000e\000n\000c\000e\000\040\000o\000f\000\040\000S\000q\000u\000a\000r\000e\000s}{part.3}% 40
\BOOKMARK [-1][-]{part.4}{\376\377\000I\000V\000\040\000T\000h\000e\000\040\000F\000r\000o\000n\000t\000i\000e\000r\000s}{}% 41
\BOOKMARK [0][-]{chapter.12}{\376\377\000Q\000u\000a\000d\000r\000u\000p\000l\000e\000\040\000F\000a\000c\000t\000o\000r\000\040\000T\000h\000e\000o\000r\000y}{part.4}% 42
\BOOKMARK [1][-]{section.12.1}{\376\377\000T\000h\000e\000\040\000S\000h\000a\000r\000e\000d\000\040\000F\000a\000c\000t\000o\000r\000\040\000B\000r\000i\000d\000g\000e}{chapter.12}% 43
\BOOKMARK [1][-]{section.12.2}{\376\377\000C\000o\000m\000p\000l\000e\000t\000e\000\040\000P\000a\000r\000a\000m\000e\000t\000r\000i\000z\000a\000t\000i\000o\000n}{chapter.12}% 44
\BOOKMARK [0][-]{chapter.13}{\376\377\000G\000C\000D\000\040\000C\000a\000s\000c\000a\000d\000e\000s\000\040\000a\000n\000d\000\040\000F\000a\000c\000t\000o\000r\000\040\000E\000x\000t\000r\000a\000c\000t\000i\000o\000n}{part.4}% 45
\BOOKMARK [1][-]{section.13.1}{\376\377\000T\000h\000e\000\040\000C\000h\000a\000n\000n\000e\000l\000\040\000G\000C\000D\000\040\000L\000a\000t\000t\000i\000c\000e}{chapter.13}% 46
\BOOKMARK [1][-]{section.13.2}{\376\377\000M\000u\000l\000t\000i\000-\000R\000e\000p\000r\000e\000s\000e\000n\000t\000a\000t\000i\000o\000n\000\040\000C\000a\000s\000c\000a\000d\000e\000s}{chapter.13}% 47
\BOOKMARK [0][-]{chapter.14}{\376\377\000P\000y\000t\000h\000a\000g\000o\000r\000e\000a\000n\000\040\000T\000r\000e\000e\000\040\000F\000a\000c\000t\000o\000r\000i\000n\000g\000\040\000C\000o\000r\000e}{part.4}% 48
\BOOKMARK [1][-]{section.14.1}{\376\377\000T\000h\000e\000\040\000F\000a\000c\000t\000o\000r\000i\000n\000g\000\040\000A\000l\000g\000o\000r\000i\000t\000h\000m}{chapter.14}% 49
\BOOKMARK [1][-]{section.14.2}{\376\377\000D\000e\000s\000c\000e\000n\000t\000\040\000T\000e\000r\000m\000i\000n\000a\000t\000i\000o\000n}{chapter.14}% 50
\BOOKMARK [0][-]{chapter.15}{\376\377\000T\000r\000o\000p\000i\000c\000a\000l\000\040\000G\000e\000o\000m\000e\000t\000r\000y\000\040\000F\000o\000u\000n\000d\000a\000t\000i\000o\000n\000s}{part.4}% 51
\BOOKMARK [1][-]{section.15.1}{\376\377\000T\000h\000e\000\040\000T\000r\000o\000p\000i\000c\000a\000l\000\040\000S\000e\000m\000i\000r\000i\000n\000g}{chapter.15}% 52
\BOOKMARK [1][-]{section.15.2}{\376\377\000T\000h\000e\000\040\000B\000e\000l\000l\000m\000a\000n\000\040\000E\000q\000u\000a\000t\000i\000o\000n}{chapter.15}% 53
\BOOKMARK [1][-]{section.15.3}{\376\377\000N\000e\000w\000t\000o\000n\000\040\000P\000o\000l\000y\000g\000o\000n\000s}{chapter.15}% 54
\BOOKMARK [0][-]{chapter.16}{\376\377\000T\000h\000e\000\040\000L\000o\000r\000e\000n\000t\000z\000\040\000G\000r\000o\000u\000p\000\040\000S\000t\000r\000u\000c\000t\000u\000r\000e}{part.4}% 55
\BOOKMARK [1][-]{section.16.1}{\376\377\000T\000h\000e\000\040\000T\000i\000l\000i\000n\000g\000\040\000T\000h\000e\000o\000r\000e\000m}{chapter.16}% 56
\BOOKMARK [1][-]{section.16.2}{\376\377\000T\000h\000e\000\040\000S\000e\000m\000i\000p\000r\000i\000m\000e\000\040\000C\000o\000u\000n\000t\000i\000n\000g\000\040\000T\000h\000e\000o\000r\000e\000m}{chapter.16}% 57
\BOOKMARK [0][-]{chapter*.3}{\376\377\000C\000o\000d\000a\000:\000\040\000T\000h\000e\000\040\000E\000t\000e\000r\000n\000a\000l\000\040\000B\000r\000a\000i\000d}{part.4}% 58
\BOOKMARK [-1][-]{part*.4}{\376\377\000A\000p\000p\000e\000n\000d\000i\000c\000e\000s}{}% 59
\BOOKMARK [0][-]{appendix.A}{\376\377\000L\000e\000a\000n\000\040\0004\000\040\000S\000o\000u\000r\000c\000e\000\040\000C\000o\000d\000e}{part*.4}% 60
\BOOKMARK [1][-]{section.A.1}{\376\377\000T\000h\000e\000\040\000B\000e\000r\000g\000g\000r\000e\000n\040\023\000L\000o\000r\000e\000n\000t\000z\000\040\000C\000o\000r\000r\000e\000s\000p\000o\000n\000d\000e\000n\000c\000e}{appendix.A}% 61
\BOOKMARK [1][-]{section.A.2}{\376\377\000L\000a\000t\000t\000i\000c\000e\040\023\000T\000r\000e\000e\000\040\000C\000o\000r\000r\000e\000s\000p\000o\000n\000d\000e\000n\000c\000e}{appendix.A}% 62
\BOOKMARK [1][-]{section.A.3}{\376\377\000H\000y\000p\000e\000r\000b\000o\000l\000i\000c\000\040\000S\000h\000o\000r\000t\000c\000u\000t\000s\000\040\000f\000o\000r\000\040\000F\000a\000c\000t\000o\000r\000i\000n\000g}{appendix.A}% 63
\BOOKMARK [1][-]{section.A.4}{\376\377\000T\000h\000r\000e\000e\000\040\000R\000o\000a\000d\000s\000\040\000f\000r\000o\000m\000\040\000P\000y\000t\000h\000a\000g\000o\000r\000a\000s}{appendix.A}% 64
\BOOKMARK [1][-]{section.A.5}{\376\377\000B\000e\000r\000g\000g\000r\000e\000n\040\023\000L\000o\000r\000e\000n\000t\000z\000\040\000P\000a\000p\000e\000r\000\040\000P\000r\000o\000o\000f\000s}{appendix.A}% 65
\BOOKMARK [1][-]{section.A.6}{\376\377\000H\000i\000g\000h\000e\000r\000\040\000k\000-\000T\000u\000p\000l\000e\000\040\000F\000a\000c\000t\000o\000r\000i\000n\000g}{appendix.A}% 66
\BOOKMARK [1][-]{section.A.7}{\376\377\000Q\000u\000a\000n\000t\000u\000m\000\040\000G\000r\000o\000v\000e\000r\000\040\000T\000r\000e\000e\000\040\000F\000a\000c\000t\000o\000r\000i\000n\000g}{appendix.A}% 67
\BOOKMARK [1][-]{section.A.8}{\376\377\000C\000o\000m\000p\000l\000e\000x\000i\000t\000y\000\040\000B\000o\000u\000n\000d\000s\000,\000\040\000P\000r\000o\000v\000e\000n}{appendix.A}% 68
\BOOKMARK [1][-]{section.A.9}{\376\377\000C\000a\000y\000l\000e\000y\040\023\000D\000i\000c\000k\000s\000o\000n\000\040\000H\000i\000e\000r\000a\000r\000c\000h\000y}{appendix.A}% 69
\BOOKMARK [1][-]{section.A.10}{\376\377\000F\000e\000r\000m\000a\000t\000'\000s\000\040\000L\000a\000s\000t\000\040\000T\000h\000e\000o\000r\000e\000m}{appendix.A}% 70
\BOOKMARK [1][-]{section.A.11}{\376\377\000C\000o\000n\000g\000r\000u\000e\000n\000c\000e\000\040\000o\000f\000\040\000S\000q\000u\000a\000r\000e\000s\000\040\000F\000a\000c\000t\000o\000r\000i\000n\000g}{appendix.A}% 71
\BOOKMARK [1][-]{section.A.12}{\376\377\000Q\000u\000a\000d\000r\000u\000p\000l\000e\000\040\000F\000a\000c\000t\000o\000r\000\040\000T\000h\000e\000o\000r\000y}{appendix.A}% 72
\BOOKMARK [1][-]{section.A.13}{\376\377\000G\000C\000D\000\040\000C\000a\000s\000c\000a\000d\000e\000\040\000F\000a\000c\000t\000o\000r\000\040\000E\000x\000t\000r\000a\000c\000t\000i\000o\000n}{appendix.A}% 73
\BOOKMARK [1][-]{section.A.14}{\376\377\000P\000y\000t\000h\000a\000g\000o\000r\000e\000a\000n\000\040\000T\000r\000e\000e\000\040\000F\000a\000c\000t\000o\000r\000i\000n\000g\000\040\000C\000o\000r\000e}{appendix.A}% 74
\BOOKMARK [1][-]{section.A.15}{\376\377\000T\000r\000o\000p\000i\000c\000a\000l\000\040\000G\000e\000o\000m\000e\000t\000r\000y\000\040\000F\000o\000u\000n\000d\000a\000t\000i\000o\000n\000s}{appendix.A}% 75
\BOOKMARK [1][-]{section.A.16}{\376\377\000L\000o\000r\000e\000n\000t\000z\000\040\000G\000r\000o\000u\000p\000\040\000S\000t\000r\000u\000c\000t\000u\000r\000e}{appendix.A}% 76
